2025-07-21 12:53:08,363 [main] DEBUG org.testng.TestNG - suiteXmlPath: "C:\Users\PRATHA~1\AppData\Local\Temp\testng-eclipse-504447781\testng-customsuite.xml"
2025-07-21 12:53:08,669 [main] INFO  org.testng.internal.Utils - [Utils] MethodGroupsHelper.collectMethodsByGroup() took 0 ms.
2025-07-21 12:53:08,673 [main] INFO  org.testng.internal.Utils - [Utils] MethodGroupsHelper.sortMethods() took 2 ms.
2025-07-21 12:53:08,676 [main] INFO  org.testng.internal.Utils - [Utils] MethodGroupsHelper.collectMethodsByGroup() took 0 ms.
2025-07-21 12:53:08,676 [main] INFO  org.testng.internal.Utils - [Utils] MethodGroupsHelper.sortMethods() took 0 ms.
2025-07-21 12:53:08,678 [main] INFO  org.testng.internal.Utils - [Utils] MethodGroupsHelper.collectMethodsByGroup() took 0 ms.
2025-07-21 12:53:08,678 [main] INFO  org.testng.internal.Utils - [Utils] MethodGroupsHelper.sortMethods() took 0 ms.
2025-07-21 12:53:08,679 [main] INFO  org.testng.internal.Utils - [Utils] MethodGroupsHelper.collectMethodsByGroup() took 0 ms.
2025-07-21 12:53:08,679 [main] INFO  org.testng.internal.Utils - [Utils] MethodGroupsHelper.sortMethods() took 0 ms.
2025-07-21 12:53:08,687 [main] INFO  org.testng.internal.Utils - [Utils] MethodGroupsHelper.collectMethodsByGroup() took 5 ms.
2025-07-21 12:53:08,703 [main] INFO  org.testng.internal.Utils - [Utils] MethodGroupsHelper.sortMethods() took 15 ms.
2025-07-21 12:53:08,705 [main] INFO  org.testng.internal.Utils - [Utils] MethodGroupsHelper.collectMethodsByGroup() took 0 ms.
2025-07-21 12:53:08,706 [main] INFO  org.testng.internal.Utils - [Utils] MethodGroupsHelper.sortMethods() took 0 ms.
2025-07-21 12:53:08,706 [main] INFO  org.testng.internal.Utils - [Utils] MethodGroupsHelper.collectMethodsByGroup() took 0 ms.
2025-07-21 12:53:08,707 [main] INFO  org.testng.internal.Utils - [Utils] MethodGroupsHelper.sortMethods() took 0 ms.
2025-07-21 12:53:08,709 [main] INFO  org.testng.internal.Utils - [Utils] MethodGroupsHelper.collectMethodsByGroup() took 0 ms.
2025-07-21 12:53:08,709 [main] INFO  org.testng.internal.Utils - [Utils] MethodGroupsHelper.sortMethods() took 0 ms.
2025-07-21 12:53:08,711 [main] INFO  org.testng.internal.Utils - [Utils] MethodGroupsHelper.collectMethodsByGroup() took 0 ms.
2025-07-21 12:53:08,711 [main] INFO  org.testng.internal.Utils - [Utils] MethodGroupsHelper.sortMethods() took 0 ms.
2025-07-21 12:53:08,712 [main] INFO  org.testng.internal.Utils - [Utils] MethodGroupsHelper.collectMethodsByGroup() took 0 ms.
2025-07-21 12:53:08,713 [main] INFO  org.testng.internal.Utils - [Utils] MethodGroupsHelper.sortMethods() took 1 ms.
2025-07-21 12:53:08,717 [main] INFO  org.testng.internal.Utils - [Utils] MethodGroupsHelper.collectMethodsByGroup() took 0 ms.
2025-07-21 12:53:08,718 [main] INFO  org.testng.internal.Utils - [Utils] MethodGroupsHelper.sortMethods() took 0 ms.
2025-07-21 12:53:08,718 [main] INFO  org.testng.internal.Utils - [Utils] MethodGroupsHelper.collectMethodsByGroup() took 0 ms.
2025-07-21 12:53:08,718 [main] INFO  org.testng.internal.Utils - [Utils] MethodGroupsHelper.sortMethods() took 0 ms.
2025-07-21 12:53:08,722 [main] INFO  org.testng.internal.Utils - [Utils] MethodGroupsHelper.collectMethodsByGroup() took 3 ms.
2025-07-21 12:53:08,723 [main] INFO  org.testng.internal.Utils - [Utils] MethodGroupsHelper.sortMethods() took 0 ms.
2025-07-21 12:53:08,724 [main] INFO  org.testng.internal.Utils - [Utils] MethodGroupsHelper.collectMethodsByGroup() took 0 ms.
2025-07-21 12:53:08,726 [main] INFO  org.testng.internal.Utils - [Utils] MethodGroupsHelper.sortMethods() took 0 ms.
2025-07-21 12:53:08,726 [main] INFO  org.testng.internal.Utils - [Utils] MethodGroupsHelper.collectMethodsByGroup() took 0 ms.
2025-07-21 12:53:08,726 [main] INFO  org.testng.internal.Utils - [Utils] MethodGroupsHelper.sortMethods() took 0 ms.
2025-07-21 12:53:08,737 [main] INFO  org.testng.internal.Utils - [TestNG] Running:
  C:\Users\Prathamesh\AppData\Local\Temp\testng-eclipse-504447781\testng-customsuite.xml

2025-07-21 12:53:08,764 [main] INFO  org.testng.internal.Utils - [Utils] DynamicGraphHelper.createDynamicGraph() took 7 ms.
2025-07-21 12:53:08,801 [main] INFO  pom.pages1.LoginTest - === Starting LoginTest Suite ===
2025-07-21 12:53:08,801 [main] INFO  pom.pages1.LoginTest - Base URL: https://bonigarcia.dev/selenium-webdriver-java/login-form.html
2025-07-21 12:53:08,801 [main] INFO  pom.pages1.LoginTest - Default Browser: chrome
2025-07-21 12:53:08,828 [main] INFO  pom.pages1.LoginTest - Setting up test with browser: chrome
2025-07-21 12:53:08,828 [main] DEBUG pom.pages1.LoginTest - Initializing chrome driver
2025-07-21 12:53:10,668 [main] DEBUG pom.pages1.LoginTest - Driver configured - Timeout: 10s, Page Load Timeout: 30s
2025-07-21 12:53:11,518 [main] INFO  pom.pages1.LoginTest - Successfully navigated to: https://bonigarcia.dev/selenium-webdriver-java/login-form.html
2025-07-21 12:53:11,537 [main] INFO  pom.pages1.LoginTest - Testing successful login with username: user
2025-07-21 12:53:11,549 [main] INFO  pom.pages1.Login_Page1 - Validating Login Page load...
2025-07-21 12:53:11,582 [main] INFO  pom.pages1.Login_Page1 - Login Page validated successfully - Title: 'Hands-On Selenium WebDriver with Java', URL: 'https://bonigarcia.dev/selenium-webdriver-java/login-form.html'
2025-07-21 12:53:11,582 [main] INFO  pom.pages1.Login_Page1 - Login_Page1 initialized
2025-07-21 12:53:11,582 [main] INFO  pom.pages1.Login_Page1 - Attempting login with username: user
2025-07-21 12:53:11,582 [main] DEBUG pom.pages1.Login_Page1 - Entering username: user
2025-07-21 12:53:11,793 [main] DEBUG pom.pages1.Login_Page1 - Username entered successfully
2025-07-21 12:53:11,793 [main] DEBUG pom.pages1.Login_Page1 - Entering password
2025-07-21 12:53:11,971 [main] DEBUG pom.pages1.Login_Page1 - Password entered successfully
2025-07-21 12:53:11,971 [main] DEBUG pom.pages1.Login_Page1 - Clicking submit button
2025-07-21 12:53:12,532 [main] DEBUG pom.pages1.Login_Page1 - Submit button clicked successfully
2025-07-21 12:53:22,660 [main] DEBUG pom.pages1.Login_Page1 - Login success check - Success message visible: true
2025-07-21 12:53:22,660 [main] INFO  pom.pages1.Login_Page1 - Login successful for user: user in 1012ms
2025-07-21 12:53:22,662 [main] DEBUG result.LoginResult - Creating successful login result for user: user, execution time: 1012ms
2025-07-21 12:53:22,662 [main] DEBUG result.LoginResult - Returning HomePage for successful login of user: user
2025-07-21 12:53:22,665 [main] INFO  pom.pages1.Home_Page1 - Validating Home Page load...
2025-07-21 12:53:22,710 [main] INFO  pom.pages1.Home_Page1 - Home Page validated successfully - Title: 'Hands-On Selenium WebDriver with Java', URL: 'https://bonigarcia.dev/selenium-webdriver-java/login-sucess.html?username=user&password=user'
2025-07-21 12:53:22,710 [main] INFO  pom.pages1.Home_Page1 - Home_Page1 initialized
2025-07-21 12:53:22,710 [main] INFO  pom.pages1.Home_Page1 - Fetching success message
2025-07-21 12:53:22,777 [main] INFO  pom.pages1.LoginTest - Test PASSED: testSuccessfulLogin
2025-07-21 12:53:23,942 [main] DEBUG pom.pages1.LoginTest - WebDriver closed successfully
2025-07-21 12:53:23,947 [main] INFO  pom.pages1.LoginTest - === LoginTest Suite Completed ===
2025-07-21 12:53:24,120 [main] INFO  org.testng.internal.Utils - [TestNG] Time taken by org.testng.reporters.jq.Main@4cbf4f53: 103 ms
2025-07-21 12:53:24,126 [main] INFO  org.testng.internal.Utils - [TestNG] Time taken by org.testng.reporters.FailedReporter@4d48bd85: 0 ms
2025-07-21 12:53:24,142 [main] INFO  org.testng.internal.Utils - [TestNG] Time taken by org.testng.reporters.XMLReporter@1237e0be: 16 ms
2025-07-21 12:53:24,155 [main] INFO  org.testng.internal.Utils - [TestNG] Time taken by org.testng.reporters.EmailableReporter2@46866946: 13 ms
2025-07-21 12:53:24,165 [main] INFO  org.testng.internal.Utils - [TestNG] Time taken by org.testng.reporters.JUnitReportReporter@25b5c5e3: 10 ms
2025-07-21 12:53:24,166 [main] INFO  org.testng.internal.Utils - [TestNG] Time taken by org.testng.internal.ExitCodeListener@5177e388: 0 ms
2025-07-21 12:54:11,654 [main] DEBUG org.testng.TestNG - suiteXmlPath: "C:\Users\PRATHA~1\AppData\Local\Temp\testng-eclipse-1629731044\testng-customsuite.xml"
2025-07-21 12:54:11,780 [main] DEBUG org.testng.TestNG - suiteXmlPath: "C:\Users\PRATHA~1\AppData\Local\Temp\testng-eclipse-1656663467\testng-customsuite.xml"
2025-07-21 12:54:12,014 [main] INFO  org.testng.internal.Utils - [Utils] MethodGroupsHelper.collectMethodsByGroup() took 1 ms.
2025-07-21 12:54:12,018 [main] INFO  org.testng.internal.Utils - [Utils] MethodGroupsHelper.sortMethods() took 2 ms.
2025-07-21 12:54:12,020 [main] INFO  org.testng.internal.Utils - [Utils] MethodGroupsHelper.collectMethodsByGroup() took 0 ms.
2025-07-21 12:54:12,021 [main] INFO  org.testng.internal.Utils - [Utils] MethodGroupsHelper.sortMethods() took 0 ms.
2025-07-21 12:54:12,021 [main] INFO  org.testng.internal.Utils - [Utils] MethodGroupsHelper.collectMethodsByGroup() took 0 ms.
2025-07-21 12:54:12,022 [main] INFO  org.testng.internal.Utils - [Utils] MethodGroupsHelper.sortMethods() took 0 ms.
2025-07-21 12:54:12,022 [main] INFO  org.testng.internal.Utils - [Utils] MethodGroupsHelper.collectMethodsByGroup() took 0 ms.
2025-07-21 12:54:12,022 [main] INFO  org.testng.internal.Utils - [Utils] MethodGroupsHelper.sortMethods() took 0 ms.
2025-07-21 12:54:12,032 [main] INFO  org.testng.internal.Utils - [Utils] MethodGroupsHelper.collectMethodsByGroup() took 6 ms.
2025-07-21 12:54:12,052 [main] INFO  org.testng.internal.Utils - [Utils] MethodGroupsHelper.sortMethods() took 19 ms.
2025-07-21 12:54:12,054 [main] INFO  org.testng.internal.Utils - [Utils] MethodGroupsHelper.collectMethodsByGroup() took 0 ms.
2025-07-21 12:54:12,055 [main] INFO  org.testng.internal.Utils - [Utils] MethodGroupsHelper.sortMethods() took 0 ms.
2025-07-21 12:54:12,057 [main] INFO  org.testng.internal.Utils - [Utils] MethodGroupsHelper.collectMethodsByGroup() took 0 ms.
2025-07-21 12:54:12,057 [main] INFO  org.testng.internal.Utils - [Utils] MethodGroupsHelper.sortMethods() took 0 ms.
2025-07-21 12:54:12,058 [main] INFO  org.testng.internal.Utils - [Utils] MethodGroupsHelper.collectMethodsByGroup() took 0 ms.
2025-07-21 12:54:12,058 [main] INFO  org.testng.internal.Utils - [Utils] MethodGroupsHelper.sortMethods() took 0 ms.
2025-07-21 12:54:12,060 [main] INFO  org.testng.internal.Utils - [Utils] MethodGroupsHelper.collectMethodsByGroup() took 0 ms.
2025-07-21 12:54:12,061 [main] INFO  org.testng.internal.Utils - [Utils] MethodGroupsHelper.sortMethods() took 0 ms.
2025-07-21 12:54:12,062 [main] INFO  org.testng.internal.Utils - [Utils] MethodGroupsHelper.collectMethodsByGroup() took 0 ms.
2025-07-21 12:54:12,063 [main] INFO  org.testng.internal.Utils - [Utils] MethodGroupsHelper.sortMethods() took 1 ms.
2025-07-21 12:54:12,068 [main] INFO  org.testng.internal.Utils - [Utils] MethodGroupsHelper.collectMethodsByGroup() took 0 ms.
2025-07-21 12:54:12,068 [main] INFO  org.testng.internal.Utils - [Utils] MethodGroupsHelper.sortMethods() took 0 ms.
2025-07-21 12:54:12,068 [main] INFO  org.testng.internal.Utils - [Utils] MethodGroupsHelper.collectMethodsByGroup() took 0 ms.
2025-07-21 12:54:12,068 [main] INFO  org.testng.internal.Utils - [Utils] MethodGroupsHelper.sortMethods() took 0 ms.
2025-07-21 12:54:12,072 [main] INFO  org.testng.internal.Utils - [Utils] MethodGroupsHelper.collectMethodsByGroup() took 2 ms.
2025-07-21 12:54:12,074 [main] INFO  org.testng.internal.Utils - [Utils] MethodGroupsHelper.sortMethods() took 0 ms.
2025-07-21 12:54:12,077 [main] INFO  org.testng.internal.Utils - [Utils] MethodGroupsHelper.collectMethodsByGroup() took 0 ms.
2025-07-21 12:54:12,077 [main] INFO  org.testng.internal.Utils - [Utils] MethodGroupsHelper.sortMethods() took 0 ms.
2025-07-21 12:54:12,077 [main] INFO  org.testng.internal.Utils - [Utils] MethodGroupsHelper.collectMethodsByGroup() took 0 ms.
2025-07-21 12:54:12,077 [main] INFO  org.testng.internal.Utils - [Utils] MethodGroupsHelper.sortMethods() took 0 ms.
2025-07-21 12:54:12,089 [main] INFO  org.testng.internal.Utils - [TestNG] Running:
  C:\Users\Prathamesh\AppData\Local\Temp\testng-eclipse-1629731044\testng-customsuite.xml

2025-07-21 12:54:12,118 [main] INFO  org.testng.internal.Utils - [Utils] DynamicGraphHelper.createDynamicGraph() took 7 ms.
2025-07-21 12:54:12,147 [main] INFO  org.testng.internal.Utils - [Utils] MethodGroupsHelper.collectMethodsByGroup() took 1 ms.
2025-07-21 12:54:12,152 [main] INFO  org.testng.internal.Utils - [Utils] MethodGroupsHelper.sortMethods() took 2 ms.
2025-07-21 12:54:12,154 [main] INFO  org.testng.internal.Utils - [Utils] MethodGroupsHelper.collectMethodsByGroup() took 0 ms.
2025-07-21 12:54:12,155 [main] INFO  org.testng.internal.Utils - [Utils] MethodGroupsHelper.sortMethods() took 0 ms.
2025-07-21 12:54:12,156 [main] INFO  org.testng.internal.Utils - [Utils] MethodGroupsHelper.collectMethodsByGroup() took 0 ms.
2025-07-21 12:54:12,156 [main] INFO  org.testng.internal.Utils - [Utils] MethodGroupsHelper.sortMethods() took 0 ms.
2025-07-21 12:54:12,157 [main] INFO  org.testng.internal.Utils - [Utils] MethodGroupsHelper.collectMethodsByGroup() took 0 ms.
2025-07-21 12:54:12,157 [main] INFO  org.testng.internal.Utils - [Utils] MethodGroupsHelper.sortMethods() took 0 ms.
2025-07-21 12:54:12,158 [main] INFO  pom.pages1.LoginTest - === Starting LoginTest Suite ===
2025-07-21 12:54:12,159 [main] INFO  pom.pages1.LoginTest - Base URL: https://bonigarcia.dev/selenium-webdriver-java/login-form.html
2025-07-21 12:54:12,159 [main] INFO  pom.pages1.LoginTest - Default Browser: chrome
2025-07-21 12:54:12,167 [main] INFO  org.testng.internal.Utils - [Utils] MethodGroupsHelper.collectMethodsByGroup() took 6 ms.
2025-07-21 12:54:12,188 [main] INFO  org.testng.internal.Utils - [Utils] MethodGroupsHelper.sortMethods() took 20 ms.
2025-07-21 12:54:12,190 [main] INFO  org.testng.internal.Utils - [Utils] MethodGroupsHelper.collectMethodsByGroup() took 0 ms.
2025-07-21 12:54:12,191 [main] INFO  org.testng.internal.Utils - [Utils] MethodGroupsHelper.sortMethods() took 1 ms.
2025-07-21 12:54:12,192 [main] INFO  org.testng.internal.Utils - [Utils] MethodGroupsHelper.collectMethodsByGroup() took 0 ms.
2025-07-21 12:54:12,193 [main] INFO  org.testng.internal.Utils - [Utils] MethodGroupsHelper.sortMethods() took 0 ms.
2025-07-21 12:54:12,193 [main] INFO  org.testng.internal.Utils - [Utils] MethodGroupsHelper.collectMethodsByGroup() took 0 ms.
2025-07-21 12:54:12,194 [main] INFO  org.testng.internal.Utils - [Utils] MethodGroupsHelper.sortMethods() took 0 ms.
2025-07-21 12:54:12,194 [main] INFO  pom.pages1.LoginTest - Setting up test with browser: chrome
2025-07-21 12:54:12,194 [main] DEBUG pom.pages1.LoginTest - Initializing chrome driver
2025-07-21 12:54:12,197 [main] INFO  org.testng.internal.Utils - [Utils] MethodGroupsHelper.collectMethodsByGroup() took 0 ms.
2025-07-21 12:54:12,198 [main] INFO  org.testng.internal.Utils - [Utils] MethodGroupsHelper.sortMethods() took 0 ms.
2025-07-21 12:54:12,199 [main] INFO  org.testng.internal.Utils - [Utils] MethodGroupsHelper.collectMethodsByGroup() took 0 ms.
2025-07-21 12:54:12,200 [main] INFO  org.testng.internal.Utils - [Utils] MethodGroupsHelper.sortMethods() took 0 ms.
2025-07-21 12:54:12,208 [main] INFO  org.testng.internal.Utils - [Utils] MethodGroupsHelper.collectMethodsByGroup() took 0 ms.
2025-07-21 12:54:12,208 [main] INFO  org.testng.internal.Utils - [Utils] MethodGroupsHelper.sortMethods() took 0 ms.
2025-07-21 12:54:12,208 [main] INFO  org.testng.internal.Utils - [Utils] MethodGroupsHelper.collectMethodsByGroup() took 0 ms.
2025-07-21 12:54:12,208 [main] INFO  org.testng.internal.Utils - [Utils] MethodGroupsHelper.sortMethods() took 0 ms.
2025-07-21 12:54:12,214 [main] INFO  org.testng.internal.Utils - [Utils] MethodGroupsHelper.collectMethodsByGroup() took 4 ms.
2025-07-21 12:54:12,215 [main] INFO  org.testng.internal.Utils - [Utils] MethodGroupsHelper.sortMethods() took 0 ms.
2025-07-21 12:54:12,217 [main] INFO  org.testng.internal.Utils - [Utils] MethodGroupsHelper.collectMethodsByGroup() took 0 ms.
2025-07-21 12:54:12,218 [main] INFO  org.testng.internal.Utils - [Utils] MethodGroupsHelper.sortMethods() took 0 ms.
2025-07-21 12:54:12,218 [main] INFO  org.testng.internal.Utils - [Utils] MethodGroupsHelper.collectMethodsByGroup() took 0 ms.
2025-07-21 12:54:12,218 [main] INFO  org.testng.internal.Utils - [Utils] MethodGroupsHelper.sortMethods() took 0 ms.
2025-07-21 12:54:12,231 [main] INFO  org.testng.internal.Utils - [TestNG] Running:
  C:\Users\Prathamesh\AppData\Local\Temp\testng-eclipse-1656663467\testng-customsuite.xml

2025-07-21 12:54:12,263 [main] INFO  org.testng.internal.Utils - [Utils] DynamicGraphHelper.createDynamicGraph() took 7 ms.
2025-07-21 12:54:12,303 [main] INFO  pom.pages1.LoginTest - === Starting LoginTest Suite ===
2025-07-21 12:54:12,303 [main] INFO  pom.pages1.LoginTest - Base URL: https://bonigarcia.dev/selenium-webdriver-java/login-form.html
2025-07-21 12:54:12,303 [main] INFO  pom.pages1.LoginTest - Default Browser: chrome
2025-07-21 12:54:12,329 [main] INFO  pom.pages1.LoginTest - Setting up test with browser: chrome
2025-07-21 12:54:12,329 [main] DEBUG pom.pages1.LoginTest - Initializing chrome driver
2025-07-21 12:54:14,642 [main] DEBUG pom.pages1.LoginTest - Driver configured - Timeout: 10s, Page Load Timeout: 30s
2025-07-21 12:54:14,849 [main] DEBUG pom.pages1.LoginTest - Driver configured - Timeout: 10s, Page Load Timeout: 30s
2025-07-21 12:54:15,287 [main] INFO  pom.pages1.LoginTest - Successfully navigated to: https://bonigarcia.dev/selenium-webdriver-java/login-form.html
2025-07-21 12:54:15,299 [main] INFO  pom.pages1.LoginTest - Successfully navigated to: https://bonigarcia.dev/selenium-webdriver-java/login-form.html
2025-07-21 12:54:15,331 [main] INFO  pom.pages1.LoginTest - Testing successful login with username: user
2025-07-21 12:54:15,344 [main] INFO  pom.pages1.LoginTest - Testing successful login with username: user
2025-07-21 12:54:15,347 [main] INFO  pom.pages1.Login_Page1 - Validating Login Page load...
2025-07-21 12:54:15,356 [main] INFO  pom.pages1.Login_Page1 - Validating Login Page load...
2025-07-21 12:54:15,375 [main] INFO  pom.pages1.Login_Page1 - Login Page validated successfully - Title: 'Hands-On Selenium WebDriver with Java', URL: 'https://bonigarcia.dev/selenium-webdriver-java/login-form.html'
2025-07-21 12:54:15,376 [main] INFO  pom.pages1.Login_Page1 - Login_Page1 initialized
2025-07-21 12:54:15,376 [main] INFO  pom.pages1.Login_Page1 - Attempting login with username: user
2025-07-21 12:54:15,377 [main] DEBUG pom.pages1.Login_Page1 - Entering username: user
2025-07-21 12:54:15,388 [main] INFO  pom.pages1.Login_Page1 - Login Page validated successfully - Title: 'Hands-On Selenium WebDriver with Java', URL: 'https://bonigarcia.dev/selenium-webdriver-java/login-form.html'
2025-07-21 12:54:15,388 [main] INFO  pom.pages1.Login_Page1 - Login_Page1 initialized
2025-07-21 12:54:15,388 [main] INFO  pom.pages1.Login_Page1 - Attempting login with username: user
2025-07-21 12:54:15,388 [main] DEBUG pom.pages1.Login_Page1 - Entering username: user
2025-07-21 12:54:15,588 [main] DEBUG pom.pages1.Login_Page1 - Username entered successfully
2025-07-21 12:54:15,588 [main] DEBUG pom.pages1.Login_Page1 - Entering password
2025-07-21 12:54:15,605 [main] DEBUG pom.pages1.Login_Page1 - Username entered successfully
2025-07-21 12:54:15,606 [main] DEBUG pom.pages1.Login_Page1 - Entering password
2025-07-21 12:54:15,764 [main] DEBUG pom.pages1.Login_Page1 - Password entered successfully
2025-07-21 12:54:15,764 [main] DEBUG pom.pages1.Login_Page1 - Clicking submit button
2025-07-21 12:54:15,775 [main] DEBUG pom.pages1.Login_Page1 - Password entered successfully
2025-07-21 12:54:15,775 [main] DEBUG pom.pages1.Login_Page1 - Clicking submit button
2025-07-21 12:54:15,920 [main] DEBUG pom.pages1.Login_Page1 - Submit button clicked successfully
2025-07-21 12:54:15,974 [main] DEBUG pom.pages1.Login_Page1 - Submit button clicked successfully
2025-07-21 12:54:26,163 [main] DEBUG pom.pages1.Login_Page1 - Login success check - Success message visible: true
2025-07-21 12:54:26,164 [main] INFO  pom.pages1.Login_Page1 - Login successful for user: user in 683ms
2025-07-21 12:54:26,166 [main] DEBUG pom.pages1.Login_Page1 - Login success check - Success message visible: true
2025-07-21 12:54:26,166 [main] DEBUG result.LoginResult - Creating successful login result for user: user, execution time: 683ms
2025-07-21 12:54:26,166 [main] INFO  pom.pages1.Login_Page1 - Login successful for user: user in 716ms
2025-07-21 12:54:26,168 [main] DEBUG result.LoginResult - Returning HomePage for successful login of user: user
2025-07-21 12:54:26,170 [main] DEBUG result.LoginResult - Creating successful login result for user: user, execution time: 716ms
2025-07-21 12:54:26,170 [main] INFO  pom.pages1.Home_Page1 - Validating Home Page load...
2025-07-21 12:54:26,170 [main] DEBUG result.LoginResult - Returning HomePage for successful login of user: user
2025-07-21 12:54:26,174 [main] INFO  pom.pages1.Home_Page1 - Validating Home Page load...
2025-07-21 12:54:26,238 [main] INFO  pom.pages1.Home_Page1 - Home Page validated successfully - Title: 'Hands-On Selenium WebDriver with Java', URL: 'https://bonigarcia.dev/selenium-webdriver-java/login-sucess.html?username=user&password=user'
2025-07-21 12:54:26,238 [main] INFO  pom.pages1.Home_Page1 - Home_Page1 initialized
2025-07-21 12:54:26,238 [main] INFO  pom.pages1.Home_Page1 - Fetching success message
2025-07-21 12:54:26,248 [main] INFO  pom.pages1.Home_Page1 - Home Page validated successfully - Title: 'Hands-On Selenium WebDriver with Java', URL: 'https://bonigarcia.dev/selenium-webdriver-java/login-sucess.html?username=user&password=user'
2025-07-21 12:54:26,251 [main] INFO  pom.pages1.Home_Page1 - Home_Page1 initialized
2025-07-21 12:54:26,251 [main] INFO  pom.pages1.Home_Page1 - Fetching success message
2025-07-21 12:54:26,321 [main] INFO  pom.pages1.LoginTest - Test PASSED: testSuccessfulLogin
2025-07-21 12:54:26,331 [main] INFO  pom.pages1.LoginTest - Test PASSED: testSuccessfulLogin
2025-07-21 12:54:27,235 [main] DEBUG pom.pages1.LoginTest - WebDriver closed successfully
2025-07-21 12:54:27,242 [main] INFO  pom.pages1.LoginTest - === LoginTest Suite Completed ===
2025-07-21 12:54:27,318 [main] DEBUG pom.pages1.LoginTest - WebDriver closed successfully
2025-07-21 12:54:27,329 [main] INFO  pom.pages1.LoginTest - === LoginTest Suite Completed ===
2025-07-21 12:54:27,415 [main] INFO  org.testng.internal.Utils - [TestNG] Time taken by org.testng.reporters.jq.Main@4cbf4f53: 106 ms
2025-07-21 12:54:27,416 [main] INFO  org.testng.internal.Utils - [TestNG] Time taken by org.testng.reporters.FailedReporter@4d48bd85: 1 ms
2025-07-21 12:54:27,435 [main] INFO  org.testng.internal.Utils - [TestNG] Time taken by org.testng.reporters.XMLReporter@1237e0be: 17 ms
2025-07-21 12:54:27,446 [main] INFO  org.testng.internal.Utils - [TestNG] Time taken by org.testng.reporters.EmailableReporter2@46866946: 11 ms
2025-07-21 12:54:27,462 [main] INFO  org.testng.internal.Utils - [TestNG] Time taken by org.testng.reporters.JUnitReportReporter@25b5c5e3: 16 ms
2025-07-21 12:54:27,464 [main] INFO  org.testng.internal.Utils - [TestNG] Time taken by org.testng.internal.ExitCodeListener@5177e388: 2 ms
2025-07-21 12:54:27,512 [main] INFO  org.testng.internal.Utils - [TestNG] Time taken by org.testng.reporters.jq.Main@b18c4: 104 ms
2025-07-21 12:54:27,516 [main] INFO  org.testng.internal.Utils - [TestNG] Time taken by org.testng.reporters.FailedReporter@15dd5ac2: 4 ms
2025-07-21 12:54:27,536 [main] INFO  org.testng.internal.Utils - [TestNG] Time taken by org.testng.reporters.XMLReporter@421a4ee1: 20 ms
2025-07-21 12:54:27,550 [main] INFO  org.testng.internal.Utils - [TestNG] Time taken by org.testng.reporters.EmailableReporter2@2f61f937: 14 ms
2025-07-21 12:54:27,559 [main] INFO  org.testng.internal.Utils - [TestNG] Time taken by org.testng.reporters.JUnitReportReporter@42b21d99: 9 ms
2025-07-21 12:54:27,559 [main] INFO  org.testng.internal.Utils - [TestNG] Time taken by org.testng.internal.ExitCodeListener@68dcfd52: 0 ms
2025-07-21 12:59:56,113 [main] DEBUG org.testng.TestNG - suiteXmlPath: "C:\Users\PRATHA~1\AppData\Local\Temp\testng-eclipse-1746019325\testng-customsuite.xml"
2025-07-21 12:59:56,570 [main] INFO  org.testng.internal.Utils - [Utils] MethodGroupsHelper.collectMethodsByGroup() took 1 ms.
2025-07-21 12:59:56,576 [main] INFO  org.testng.internal.Utils - [Utils] MethodGroupsHelper.sortMethods() took 3 ms.
2025-07-21 12:59:56,578 [main] INFO  org.testng.internal.Utils - [Utils] MethodGroupsHelper.collectMethodsByGroup() took 0 ms.
2025-07-21 12:59:56,578 [main] INFO  org.testng.internal.Utils - [Utils] MethodGroupsHelper.sortMethods() took 0 ms.
2025-07-21 12:59:56,579 [main] INFO  org.testng.internal.Utils - [Utils] MethodGroupsHelper.collectMethodsByGroup() took 0 ms.
2025-07-21 12:59:56,579 [main] INFO  org.testng.internal.Utils - [Utils] MethodGroupsHelper.sortMethods() took 0 ms.
2025-07-21 12:59:56,580 [main] INFO  org.testng.internal.Utils - [Utils] MethodGroupsHelper.collectMethodsByGroup() took 0 ms.
2025-07-21 12:59:56,580 [main] INFO  org.testng.internal.Utils - [Utils] MethodGroupsHelper.sortMethods() took 0 ms.
2025-07-21 12:59:56,589 [main] INFO  org.testng.internal.Utils - [Utils] MethodGroupsHelper.collectMethodsByGroup() took 6 ms.
2025-07-21 12:59:56,606 [main] INFO  org.testng.internal.Utils - [Utils] MethodGroupsHelper.sortMethods() took 17 ms.
2025-07-21 12:59:56,608 [main] INFO  org.testng.internal.Utils - [Utils] MethodGroupsHelper.collectMethodsByGroup() took 0 ms.
2025-07-21 12:59:56,609 [main] INFO  org.testng.internal.Utils - [Utils] MethodGroupsHelper.sortMethods() took 1 ms.
2025-07-21 12:59:56,610 [main] INFO  org.testng.internal.Utils - [Utils] MethodGroupsHelper.collectMethodsByGroup() took 0 ms.
2025-07-21 12:59:56,610 [main] INFO  org.testng.internal.Utils - [Utils] MethodGroupsHelper.sortMethods() took 0 ms.
2025-07-21 12:59:56,611 [main] INFO  org.testng.internal.Utils - [Utils] MethodGroupsHelper.collectMethodsByGroup() took 0 ms.
2025-07-21 12:59:56,612 [main] INFO  org.testng.internal.Utils - [Utils] MethodGroupsHelper.sortMethods() took 0 ms.
2025-07-21 12:59:56,615 [main] INFO  org.testng.internal.Utils - [Utils] MethodGroupsHelper.collectMethodsByGroup() took 0 ms.
2025-07-21 12:59:56,616 [main] INFO  org.testng.internal.Utils - [Utils] MethodGroupsHelper.sortMethods() took 0 ms.
2025-07-21 12:59:56,616 [main] INFO  org.testng.internal.Utils - [Utils] MethodGroupsHelper.collectMethodsByGroup() took 0 ms.
2025-07-21 12:59:56,617 [main] INFO  org.testng.internal.Utils - [Utils] MethodGroupsHelper.sortMethods() took 0 ms.
2025-07-21 12:59:56,622 [main] INFO  org.testng.internal.Utils - [Utils] MethodGroupsHelper.collectMethodsByGroup() took 0 ms.
2025-07-21 12:59:56,622 [main] INFO  org.testng.internal.Utils - [Utils] MethodGroupsHelper.sortMethods() took 0 ms.
2025-07-21 12:59:56,622 [main] INFO  org.testng.internal.Utils - [Utils] MethodGroupsHelper.collectMethodsByGroup() took 0 ms.
2025-07-21 12:59:56,622 [main] INFO  org.testng.internal.Utils - [Utils] MethodGroupsHelper.sortMethods() took 0 ms.
2025-07-21 12:59:56,628 [main] INFO  org.testng.internal.Utils - [Utils] MethodGroupsHelper.collectMethodsByGroup() took 5 ms.
2025-07-21 12:59:56,629 [main] INFO  org.testng.internal.Utils - [Utils] MethodGroupsHelper.sortMethods() took 0 ms.
2025-07-21 12:59:56,631 [main] INFO  org.testng.internal.Utils - [Utils] MethodGroupsHelper.collectMethodsByGroup() took 0 ms.
2025-07-21 12:59:56,633 [main] INFO  org.testng.internal.Utils - [Utils] MethodGroupsHelper.sortMethods() took 0 ms.
2025-07-21 12:59:56,633 [main] INFO  org.testng.internal.Utils - [Utils] MethodGroupsHelper.collectMethodsByGroup() took 0 ms.
2025-07-21 12:59:56,633 [main] INFO  org.testng.internal.Utils - [Utils] MethodGroupsHelper.sortMethods() took 0 ms.
2025-07-21 12:59:56,649 [main] INFO  org.testng.internal.Utils - [TestNG] Running:
  C:\Users\Prathamesh\AppData\Local\Temp\testng-eclipse-1746019325\testng-customsuite.xml

2025-07-21 12:59:56,688 [main] INFO  org.testng.internal.Utils - [Utils] DynamicGraphHelper.createDynamicGraph() took 9 ms.
2025-07-21 12:59:56,730 [main] INFO  pom.pages1.LoginTest - === Starting LoginTest Suite ===
2025-07-21 12:59:56,730 [main] INFO  pom.pages1.LoginTest - Base URL: https://bonigarcia.dev/selenium-webdriver-java/login-form.html
2025-07-21 12:59:56,730 [main] INFO  pom.pages1.LoginTest - Default Browser: chrome
2025-07-21 12:59:56,760 [main] INFO  pom.pages1.LoginTest - Setting up test with browser: chrome
2025-07-21 12:59:56,760 [main] DEBUG pom.pages1.LoginTest - Initializing chrome driver
2025-07-21 12:59:59,107 [main] DEBUG pom.pages1.LoginTest - Driver configured - Timeout: 10s, Page Load Timeout: 30s
2025-07-21 12:59:59,654 [main] INFO  pom.pages1.LoginTest - Successfully navigated to: https://bonigarcia.dev/selenium-webdriver-java/login-form.html
2025-07-21 12:59:59,671 [main] INFO  pom.pages1.LoginTest - Testing successful login with username: user
2025-07-21 12:59:59,682 [main] INFO  pom.pages1.Login_Page1 - Validating Login Page load...
2025-07-21 12:59:59,720 [main] INFO  pom.pages1.Login_Page1 - Login Page validated successfully - Title: 'Hands-On Selenium WebDriver with Java', URL: 'https://bonigarcia.dev/selenium-webdriver-java/login-form.html'
2025-07-21 12:59:59,720 [main] INFO  pom.pages1.Login_Page1 - Login_Page1 initialized
2025-07-21 12:59:59,720 [main] INFO  pom.pages1.Login_Page1 - Attempting login with username: user
2025-07-21 12:59:59,720 [main] DEBUG pom.pages1.Login_Page1 - Entering username: user
2025-07-21 12:59:59,969 [main] DEBUG pom.pages1.Login_Page1 - Username entered successfully
2025-07-21 12:59:59,969 [main] DEBUG pom.pages1.Login_Page1 - Entering password
2025-07-21 13:00:00,156 [main] DEBUG pom.pages1.Login_Page1 - Password entered successfully
2025-07-21 13:00:00,158 [main] DEBUG pom.pages1.Login_Page1 - Clicking submit button
2025-07-21 13:00:00,396 [main] DEBUG pom.pages1.Login_Page1 - Submit button clicked successfully
2025-07-21 13:00:10,541 [main] DEBUG pom.pages1.Login_Page1 - Login success check - Success message visible: true
2025-07-21 13:00:10,541 [main] INFO  pom.pages1.Login_Page1 - Login successful for user: user in 748ms
2025-07-21 13:00:10,543 [main] DEBUG result.LoginResult - Creating successful login result for user: user, execution time: 748ms
2025-07-21 13:00:10,543 [main] DEBUG result.LoginResult - Returning HomePage for successful login of user: user
2025-07-21 13:00:10,546 [main] INFO  pom.pages1.Home_Page1 - Validating Home Page load...
2025-07-21 13:00:10,636 [main] INFO  pom.pages1.Home_Page1 - Home Page validated successfully - Title: 'Hands-On Selenium WebDriver with Java', URL: 'https://bonigarcia.dev/selenium-webdriver-java/login-sucess.html?username=user&password=user'
2025-07-21 13:00:10,636 [main] INFO  pom.pages1.Home_Page1 - Home_Page1 initialized
2025-07-21 13:00:10,636 [main] INFO  pom.pages1.Home_Page1 - Fetching success message
2025-07-21 13:00:10,823 [main] INFO  pom.pages1.LoginTest - Test PASSED: testSuccessfulLogin
2025-07-21 13:00:11,467 [main] DEBUG pom.pages1.LoginTest - WebDriver closed successfully
2025-07-21 13:00:11,475 [main] INFO  pom.pages1.LoginTest - === LoginTest Suite Completed ===
2025-07-21 13:00:11,668 [main] INFO  org.testng.internal.Utils - [TestNG] Time taken by org.testng.reporters.jq.Main@b18c4: 123 ms
2025-07-21 13:00:11,671 [main] INFO  org.testng.internal.Utils - [TestNG] Time taken by org.testng.reporters.FailedReporter@15dd5ac2: 3 ms
2025-07-21 13:00:11,690 [main] INFO  org.testng.internal.Utils - [TestNG] Time taken by org.testng.reporters.XMLReporter@421a4ee1: 19 ms
2025-07-21 13:00:11,702 [main] INFO  org.testng.internal.Utils - [TestNG] Time taken by org.testng.reporters.EmailableReporter2@2f61f937: 12 ms
2025-07-21 13:00:11,713 [main] INFO  org.testng.internal.Utils - [TestNG] Time taken by org.testng.reporters.JUnitReportReporter@68dcfd52: 10 ms
2025-07-21 13:00:11,714 [main] INFO  org.testng.internal.Utils - [TestNG] Time taken by org.testng.internal.ExitCodeListener@25b5c5e3: 0 ms
2025-07-21 13:59:36,175 [main] DEBUG org.testng.TestNG - suiteXmlPath: "C:\Users\PRATHA~1\AppData\Local\Temp\testng-eclipse--362996604\testng-customsuite.xml"
2025-07-21 13:59:36,483 [main] INFO  org.testng.internal.Utils - [Utils] MethodGroupsHelper.collectMethodsByGroup() took 0 ms.
2025-07-21 13:59:36,487 [main] INFO  org.testng.internal.Utils - [Utils] MethodGroupsHelper.sortMethods() took 2 ms.
2025-07-21 13:59:36,489 [main] INFO  org.testng.internal.Utils - [Utils] MethodGroupsHelper.collectMethodsByGroup() took 0 ms.
2025-07-21 13:59:36,490 [main] INFO  org.testng.internal.Utils - [Utils] MethodGroupsHelper.sortMethods() took 0 ms.
2025-07-21 13:59:36,490 [main] INFO  org.testng.internal.Utils - [Utils] MethodGroupsHelper.collectMethodsByGroup() took 0 ms.
2025-07-21 13:59:36,491 [main] INFO  org.testng.internal.Utils - [Utils] MethodGroupsHelper.sortMethods() took 0 ms.
2025-07-21 13:59:36,492 [main] INFO  org.testng.internal.Utils - [Utils] MethodGroupsHelper.collectMethodsByGroup() took 0 ms.
2025-07-21 13:59:36,492 [main] INFO  org.testng.internal.Utils - [Utils] MethodGroupsHelper.sortMethods() took 0 ms.
2025-07-21 13:59:36,499 [main] INFO  org.testng.internal.Utils - [Utils] MethodGroupsHelper.collectMethodsByGroup() took 5 ms.
2025-07-21 13:59:36,516 [main] INFO  org.testng.internal.Utils - [Utils] MethodGroupsHelper.sortMethods() took 16 ms.
2025-07-21 13:59:36,516 [main] INFO  org.testng.internal.Utils - [Utils] MethodGroupsHelper.collectMethodsByGroup() took 0 ms.
2025-07-21 13:59:36,517 [main] INFO  org.testng.internal.Utils - [Utils] MethodGroupsHelper.sortMethods() took 1 ms.
2025-07-21 13:59:36,517 [main] INFO  org.testng.internal.Utils - [Utils] MethodGroupsHelper.collectMethodsByGroup() took 0 ms.
2025-07-21 13:59:36,517 [main] INFO  org.testng.internal.Utils - [Utils] MethodGroupsHelper.sortMethods() took 0 ms.
2025-07-21 13:59:36,517 [main] INFO  org.testng.internal.Utils - [Utils] MethodGroupsHelper.collectMethodsByGroup() took 0 ms.
2025-07-21 13:59:36,519 [main] INFO  org.testng.internal.Utils - [Utils] MethodGroupsHelper.sortMethods() took 0 ms.
2025-07-21 13:59:36,521 [main] INFO  org.testng.internal.Utils - [Utils] MethodGroupsHelper.collectMethodsByGroup() took 0 ms.
2025-07-21 13:59:36,521 [main] INFO  org.testng.internal.Utils - [Utils] MethodGroupsHelper.sortMethods() took 0 ms.
2025-07-21 13:59:36,522 [main] INFO  org.testng.internal.Utils - [Utils] MethodGroupsHelper.collectMethodsByGroup() took 0 ms.
2025-07-21 13:59:36,524 [main] INFO  org.testng.internal.Utils - [Utils] MethodGroupsHelper.sortMethods() took 1 ms.
2025-07-21 13:59:36,528 [main] INFO  org.testng.internal.Utils - [Utils] MethodGroupsHelper.collectMethodsByGroup() took 0 ms.
2025-07-21 13:59:36,528 [main] INFO  org.testng.internal.Utils - [Utils] MethodGroupsHelper.sortMethods() took 0 ms.
2025-07-21 13:59:36,528 [main] INFO  org.testng.internal.Utils - [Utils] MethodGroupsHelper.collectMethodsByGroup() took 0 ms.
2025-07-21 13:59:36,529 [main] INFO  org.testng.internal.Utils - [Utils] MethodGroupsHelper.sortMethods() took 1 ms.
2025-07-21 13:59:36,533 [main] INFO  org.testng.internal.Utils - [Utils] MethodGroupsHelper.collectMethodsByGroup() took 4 ms.
2025-07-21 13:59:36,533 [main] INFO  org.testng.internal.Utils - [Utils] MethodGroupsHelper.sortMethods() took 0 ms.
2025-07-21 13:59:36,535 [main] INFO  org.testng.internal.Utils - [Utils] MethodGroupsHelper.collectMethodsByGroup() took 0 ms.
2025-07-21 13:59:36,535 [main] INFO  org.testng.internal.Utils - [Utils] MethodGroupsHelper.sortMethods() took 0 ms.
2025-07-21 13:59:36,535 [main] INFO  org.testng.internal.Utils - [Utils] MethodGroupsHelper.collectMethodsByGroup() took 0 ms.
2025-07-21 13:59:36,536 [main] INFO  org.testng.internal.Utils - [Utils] MethodGroupsHelper.sortMethods() took 0 ms.
2025-07-21 13:59:36,546 [main] INFO  org.testng.internal.Utils - [TestNG] Running:
  C:\Users\Prathamesh\AppData\Local\Temp\testng-eclipse--362996604\testng-customsuite.xml

2025-07-21 13:59:36,574 [main] INFO  org.testng.internal.Utils - [Utils] DynamicGraphHelper.createDynamicGraph() took 7 ms.
2025-07-21 13:59:36,609 [main] INFO  pom.pages1.LoginTest - === Starting LoginTest Suite ===
2025-07-21 13:59:36,610 [main] INFO  pom.pages1.LoginTest - Base URL: https://bonigarcia.dev/selenium-webdriver-java/login-form.html
2025-07-21 13:59:36,610 [main] INFO  pom.pages1.LoginTest - Default Browser: chrome
2025-07-21 13:59:36,629 [main] INFO  pom.pages1.LoginTest - Setting up test with browser: chrome
2025-07-21 13:59:36,630 [main] DEBUG pom.pages1.LoginTest - Initializing chrome driver
2025-07-21 13:59:44,218 [main] DEBUG pom.pages1.LoginTest - Driver configured - Timeout: 10s, Page Load Timeout: 30s
2025-07-21 13:59:45,440 [main] INFO  pom.pages1.LoginTest - Successfully navigated to: https://bonigarcia.dev/selenium-webdriver-java/login-form.html
2025-07-21 13:59:45,472 [main] INFO  pom.pages1.LoginPage_PageFactory - Validating Login Page load...
2025-07-21 13:59:45,502 [main] INFO  pom.pages1.LoginPage_PageFactory - Login Page validated successfully - Title: 'Hands-On Selenium WebDriver with Java', URL: 'https://bonigarcia.dev/selenium-webdriver-java/login-form.html'
2025-07-21 13:59:45,542 [main] ERROR pom.pages1.LoginTest - Test FAILED: PageFactoryTest - Compound class names not permitted
For documentation on this error, please visit: https://www.selenium.dev/documentation/webdriver/troubleshooting/errors#invalid-selector-exception
Build info: version: '4.33.0', revision: '2c6aaad03a'
System info: os.name: 'Windows 11', os.arch: 'amd64', os.version: '10.0', java.version: '24.0.1'
Driver info: driver.version: unknown
2025-07-21 13:59:45,850 [main] DEBUG pom.pages1.LoginTest - WebDriver closed successfully
2025-07-21 13:59:45,852 [main] INFO  pom.pages1.LoginTest - === LoginTest Suite Completed ===
2025-07-21 13:59:46,039 [main] INFO  org.testng.internal.Utils - [TestNG] Time taken by org.testng.reporters.jq.Main@71870da7: 104 ms
2025-07-21 13:59:46,063 [main] INFO  org.testng.internal.Utils - [TestNG] Time taken by org.testng.reporters.FailedReporter@3afae281: 23 ms
2025-07-21 13:59:46,079 [main] INFO  org.testng.internal.Utils - [TestNG] Time taken by org.testng.reporters.XMLReporter@652ce654: 16 ms
2025-07-21 13:59:46,091 [main] INFO  org.testng.internal.Utils - [TestNG] Time taken by org.testng.reporters.EmailableReporter2@48b22fd4: 12 ms
2025-07-21 13:59:46,105 [main] INFO  org.testng.internal.Utils - [TestNG] Time taken by org.testng.reporters.JUnitReportReporter@73ab3aac: 12 ms
2025-07-21 13:59:46,106 [main] INFO  org.testng.internal.Utils - [TestNG] Time taken by org.testng.internal.ExitCodeListener@54f66455: 0 ms
2025-07-21 14:04:37,732 [main] DEBUG org.testng.TestNG - suiteXmlPath: "C:\Users\PRATHA~1\AppData\Local\Temp\testng-eclipse--1690736054\testng-customsuite.xml"
2025-07-21 14:04:38,066 [main] INFO  org.testng.internal.Utils - [Utils] MethodGroupsHelper.collectMethodsByGroup() took 0 ms.
2025-07-21 14:04:38,071 [main] INFO  org.testng.internal.Utils - [Utils] MethodGroupsHelper.sortMethods() took 2 ms.
2025-07-21 14:04:38,073 [main] INFO  org.testng.internal.Utils - [Utils] MethodGroupsHelper.collectMethodsByGroup() took 0 ms.
2025-07-21 14:04:38,073 [main] INFO  org.testng.internal.Utils - [Utils] MethodGroupsHelper.sortMethods() took 0 ms.
2025-07-21 14:04:38,074 [main] INFO  org.testng.internal.Utils - [Utils] MethodGroupsHelper.collectMethodsByGroup() took 0 ms.
2025-07-21 14:04:38,074 [main] INFO  org.testng.internal.Utils - [Utils] MethodGroupsHelper.sortMethods() took 0 ms.
2025-07-21 14:04:38,075 [main] INFO  org.testng.internal.Utils - [Utils] MethodGroupsHelper.collectMethodsByGroup() took 0 ms.
2025-07-21 14:04:38,075 [main] INFO  org.testng.internal.Utils - [Utils] MethodGroupsHelper.sortMethods() took 0 ms.
2025-07-21 14:04:38,081 [main] INFO  org.testng.internal.Utils - [Utils] MethodGroupsHelper.collectMethodsByGroup() took 3 ms.
2025-07-21 14:04:38,093 [main] INFO  org.testng.internal.Utils - [Utils] MethodGroupsHelper.sortMethods() took 11 ms.
2025-07-21 14:04:38,094 [main] INFO  org.testng.internal.Utils - [Utils] MethodGroupsHelper.collectMethodsByGroup() took 0 ms.
2025-07-21 14:04:38,096 [main] INFO  org.testng.internal.Utils - [Utils] MethodGroupsHelper.sortMethods() took 0 ms.
2025-07-21 14:04:38,096 [main] INFO  org.testng.internal.Utils - [Utils] MethodGroupsHelper.collectMethodsByGroup() took 0 ms.
2025-07-21 14:04:38,096 [main] INFO  org.testng.internal.Utils - [Utils] MethodGroupsHelper.sortMethods() took 0 ms.
2025-07-21 14:04:38,097 [main] INFO  org.testng.internal.Utils - [Utils] MethodGroupsHelper.collectMethodsByGroup() took 0 ms.
2025-07-21 14:04:38,097 [main] INFO  org.testng.internal.Utils - [Utils] MethodGroupsHelper.sortMethods() took 0 ms.
2025-07-21 14:04:38,099 [main] INFO  org.testng.internal.Utils - [Utils] MethodGroupsHelper.collectMethodsByGroup() took 0 ms.
2025-07-21 14:04:38,100 [main] INFO  org.testng.internal.Utils - [Utils] MethodGroupsHelper.sortMethods() took 1 ms.
2025-07-21 14:04:38,100 [main] INFO  org.testng.internal.Utils - [Utils] MethodGroupsHelper.collectMethodsByGroup() took 0 ms.
2025-07-21 14:04:38,100 [main] INFO  org.testng.internal.Utils - [Utils] MethodGroupsHelper.sortMethods() took 0 ms.
2025-07-21 14:04:38,105 [main] INFO  org.testng.internal.Utils - [Utils] MethodGroupsHelper.collectMethodsByGroup() took 0 ms.
2025-07-21 14:04:38,105 [main] INFO  org.testng.internal.Utils - [Utils] MethodGroupsHelper.sortMethods() took 0 ms.
2025-07-21 14:04:38,105 [main] INFO  org.testng.internal.Utils - [Utils] MethodGroupsHelper.collectMethodsByGroup() took 0 ms.
2025-07-21 14:04:38,105 [main] INFO  org.testng.internal.Utils - [Utils] MethodGroupsHelper.sortMethods() took 0 ms.
2025-07-21 14:04:38,110 [main] INFO  org.testng.internal.Utils - [Utils] MethodGroupsHelper.collectMethodsByGroup() took 2 ms.
2025-07-21 14:04:38,111 [main] INFO  org.testng.internal.Utils - [Utils] MethodGroupsHelper.sortMethods() took 0 ms.
2025-07-21 14:04:38,112 [main] INFO  org.testng.internal.Utils - [Utils] MethodGroupsHelper.collectMethodsByGroup() took 0 ms.
2025-07-21 14:04:38,113 [main] INFO  org.testng.internal.Utils - [Utils] MethodGroupsHelper.sortMethods() took 0 ms.
2025-07-21 14:04:38,113 [main] INFO  org.testng.internal.Utils - [Utils] MethodGroupsHelper.collectMethodsByGroup() took 0 ms.
2025-07-21 14:04:38,113 [main] INFO  org.testng.internal.Utils - [Utils] MethodGroupsHelper.sortMethods() took 0 ms.
2025-07-21 14:04:38,121 [main] INFO  org.testng.internal.Utils - [TestNG] Running:
  C:\Users\Prathamesh\AppData\Local\Temp\testng-eclipse--1690736054\testng-customsuite.xml

2025-07-21 14:04:38,148 [main] INFO  org.testng.internal.Utils - [Utils] DynamicGraphHelper.createDynamicGraph() took 6 ms.
2025-07-21 14:04:38,182 [main] INFO  pom.pages1.LoginTest - === Starting LoginTest Suite ===
2025-07-21 14:04:38,183 [main] INFO  pom.pages1.LoginTest - Base URL: https://bonigarcia.dev/selenium-webdriver-java/login-form.html
2025-07-21 14:04:38,183 [main] INFO  pom.pages1.LoginTest - Default Browser: chrome
2025-07-21 14:04:38,203 [main] INFO  pom.pages1.LoginTest - Setting up test with browser: chrome
2025-07-21 14:04:38,203 [main] DEBUG pom.pages1.LoginTest - Initializing chrome driver
2025-07-21 14:04:40,040 [main] DEBUG pom.pages1.LoginTest - Driver configured - Timeout: 10s, Page Load Timeout: 30s
2025-07-21 14:04:41,597 [main] INFO  pom.pages1.LoginTest - Successfully navigated to: https://bonigarcia.dev/selenium-webdriver-java/login-form.html
2025-07-21 14:04:41,614 [main] INFO  pom.pages1.LoginTest - Testing password field masking
2025-07-21 14:04:41,627 [main] INFO  pom.pages1.Login_Page1 - Validating Login Page load...
2025-07-21 14:04:41,659 [main] INFO  pom.pages1.Login_Page1 - Login Page validated successfully - Title: 'Hands-On Selenium WebDriver with Java', URL: 'https://bonigarcia.dev/selenium-webdriver-java/login-form.html'
2025-07-21 14:04:41,659 [main] INFO  pom.pages1.Login_Page1 - Login_Page1 initialized
2025-07-21 14:04:41,659 [main] DEBUG pom.pages1.Login_Page1 - Entering password
2025-07-21 14:04:41,872 [main] DEBUG pom.pages1.Login_Page1 - Password entered successfully
2025-07-21 14:04:41,925 [main] INFO  pom.pages1.LoginTest - Test PASSED: testPasswordFieldMasking
2025-07-21 14:04:42,241 [main] DEBUG pom.pages1.LoginTest - WebDriver closed successfully
2025-07-21 14:04:42,246 [main] INFO  pom.pages1.LoginTest - === LoginTest Suite Completed ===
2025-07-21 14:04:42,386 [main] INFO  org.testng.internal.Utils - [TestNG] Time taken by org.testng.reporters.jq.Main@3c017078: 83 ms
2025-07-21 14:04:42,389 [main] INFO  org.testng.internal.Utils - [TestNG] Time taken by org.testng.reporters.FailedReporter@5c645b43: 3 ms
2025-07-21 14:04:42,405 [main] INFO  org.testng.internal.Utils - [TestNG] Time taken by org.testng.reporters.XMLReporter@1e6cc850: 16 ms
2025-07-21 14:04:42,418 [main] INFO  org.testng.internal.Utils - [TestNG] Time taken by org.testng.reporters.EmailableReporter2@2788d0fe: 12 ms
2025-07-21 14:04:42,427 [main] INFO  org.testng.internal.Utils - [TestNG] Time taken by org.testng.reporters.JUnitReportReporter@5cd61783: 9 ms
2025-07-21 14:04:42,427 [main] INFO  org.testng.internal.Utils - [TestNG] Time taken by org.testng.internal.ExitCodeListener@59429fac: 0 ms
2025-07-21 14:04:49,830 [main] DEBUG org.testng.TestNG - suiteXmlPath: "C:\Users\PRATHA~1\AppData\Local\Temp\testng-eclipse--2082563676\testng-customsuite.xml"
2025-07-21 14:04:50,175 [main] INFO  org.testng.internal.Utils - [Utils] MethodGroupsHelper.collectMethodsByGroup() took 1 ms.
2025-07-21 14:04:50,182 [main] INFO  org.testng.internal.Utils - [Utils] MethodGroupsHelper.sortMethods() took 2 ms.
2025-07-21 14:04:50,184 [main] INFO  org.testng.internal.Utils - [Utils] MethodGroupsHelper.collectMethodsByGroup() took 0 ms.
2025-07-21 14:04:50,185 [main] INFO  org.testng.internal.Utils - [Utils] MethodGroupsHelper.sortMethods() took 0 ms.
2025-07-21 14:04:50,186 [main] INFO  org.testng.internal.Utils - [Utils] MethodGroupsHelper.collectMethodsByGroup() took 0 ms.
2025-07-21 14:04:50,186 [main] INFO  org.testng.internal.Utils - [Utils] MethodGroupsHelper.sortMethods() took 0 ms.
2025-07-21 14:04:50,189 [main] INFO  org.testng.internal.Utils - [Utils] MethodGroupsHelper.collectMethodsByGroup() took 0 ms.
2025-07-21 14:04:50,189 [main] INFO  org.testng.internal.Utils - [Utils] MethodGroupsHelper.sortMethods() took 0 ms.
2025-07-21 14:04:50,199 [main] INFO  org.testng.internal.Utils - [Utils] MethodGroupsHelper.collectMethodsByGroup() took 6 ms.
2025-07-21 14:04:50,215 [main] INFO  org.testng.internal.Utils - [Utils] MethodGroupsHelper.sortMethods() took 16 ms.
2025-07-21 14:04:50,217 [main] INFO  org.testng.internal.Utils - [Utils] MethodGroupsHelper.collectMethodsByGroup() took 0 ms.
2025-07-21 14:04:50,218 [main] INFO  org.testng.internal.Utils - [Utils] MethodGroupsHelper.sortMethods() took 1 ms.
2025-07-21 14:04:50,218 [main] INFO  org.testng.internal.Utils - [Utils] MethodGroupsHelper.collectMethodsByGroup() took 0 ms.
2025-07-21 14:04:50,219 [main] INFO  org.testng.internal.Utils - [Utils] MethodGroupsHelper.sortMethods() took 1 ms.
2025-07-21 14:04:50,219 [main] INFO  org.testng.internal.Utils - [Utils] MethodGroupsHelper.collectMethodsByGroup() took 0 ms.
2025-07-21 14:04:50,219 [main] INFO  org.testng.internal.Utils - [Utils] MethodGroupsHelper.sortMethods() took 0 ms.
2025-07-21 14:04:50,221 [main] INFO  org.testng.internal.Utils - [Utils] MethodGroupsHelper.collectMethodsByGroup() took 0 ms.
2025-07-21 14:04:50,222 [main] INFO  org.testng.internal.Utils - [Utils] MethodGroupsHelper.sortMethods() took 0 ms.
2025-07-21 14:04:50,223 [main] INFO  org.testng.internal.Utils - [Utils] MethodGroupsHelper.collectMethodsByGroup() took 0 ms.
2025-07-21 14:04:50,224 [main] INFO  org.testng.internal.Utils - [Utils] MethodGroupsHelper.sortMethods() took 0 ms.
2025-07-21 14:04:50,229 [main] INFO  org.testng.internal.Utils - [Utils] MethodGroupsHelper.collectMethodsByGroup() took 0 ms.
2025-07-21 14:04:50,229 [main] INFO  org.testng.internal.Utils - [Utils] MethodGroupsHelper.sortMethods() took 0 ms.
2025-07-21 14:04:50,229 [main] INFO  org.testng.internal.Utils - [Utils] MethodGroupsHelper.collectMethodsByGroup() took 0 ms.
2025-07-21 14:04:50,230 [main] INFO  org.testng.internal.Utils - [Utils] MethodGroupsHelper.sortMethods() took 0 ms.
2025-07-21 14:04:50,234 [main] INFO  org.testng.internal.Utils - [Utils] MethodGroupsHelper.collectMethodsByGroup() took 4 ms.
2025-07-21 14:04:50,235 [main] INFO  org.testng.internal.Utils - [Utils] MethodGroupsHelper.sortMethods() took 0 ms.
2025-07-21 14:04:50,237 [main] INFO  org.testng.internal.Utils - [Utils] MethodGroupsHelper.collectMethodsByGroup() took 0 ms.
2025-07-21 14:04:50,238 [main] INFO  org.testng.internal.Utils - [Utils] MethodGroupsHelper.sortMethods() took 0 ms.
2025-07-21 14:04:50,238 [main] INFO  org.testng.internal.Utils - [Utils] MethodGroupsHelper.collectMethodsByGroup() took 0 ms.
2025-07-21 14:04:50,238 [main] INFO  org.testng.internal.Utils - [Utils] MethodGroupsHelper.sortMethods() took 0 ms.
2025-07-21 14:04:50,248 [main] INFO  org.testng.internal.Utils - [TestNG] Running:
  C:\Users\Prathamesh\AppData\Local\Temp\testng-eclipse--2082563676\testng-customsuite.xml

2025-07-21 14:04:50,274 [main] INFO  org.testng.internal.Utils - [Utils] DynamicGraphHelper.createDynamicGraph() took 7 ms.
2025-07-21 14:04:50,311 [main] INFO  pom.pages1.LoginTest - === Starting LoginTest Suite ===
2025-07-21 14:04:50,311 [main] INFO  pom.pages1.LoginTest - Base URL: https://bonigarcia.dev/selenium-webdriver-java/login-form.html
2025-07-21 14:04:50,311 [main] INFO  pom.pages1.LoginTest - Default Browser: chrome
2025-07-21 14:04:50,339 [main] INFO  pom.pages1.LoginTest - Setting up test with browser: chrome
2025-07-21 14:04:50,339 [main] DEBUG pom.pages1.LoginTest - Initializing chrome driver
2025-07-21 14:04:52,194 [main] DEBUG pom.pages1.LoginTest - Driver configured - Timeout: 10s, Page Load Timeout: 30s
2025-07-21 14:04:53,021 [main] INFO  pom.pages1.LoginTest - Successfully navigated to: https://bonigarcia.dev/selenium-webdriver-java/login-form.html
2025-07-21 14:04:53,043 [main] INFO  pom.pages1.LoginPage_PageFactory - Validating Login Page load...
2025-07-21 14:04:53,068 [main] INFO  pom.pages1.LoginPage_PageFactory - Login Page validated successfully - Title: 'Hands-On Selenium WebDriver with Java', URL: 'https://bonigarcia.dev/selenium-webdriver-java/login-form.html'
2025-07-21 14:04:53,096 [main] ERROR pom.pages1.LoginTest - Test FAILED: PageFactoryTest - Compound class names not permitted
For documentation on this error, please visit: https://www.selenium.dev/documentation/webdriver/troubleshooting/errors#invalid-selector-exception
Build info: version: '4.33.0', revision: '2c6aaad03a'
System info: os.name: 'Windows 11', os.arch: 'amd64', os.version: '10.0', java.version: '24.0.1'
Driver info: driver.version: unknown
2025-07-21 14:04:53,285 [main] DEBUG pom.pages1.LoginTest - WebDriver closed successfully
2025-07-21 14:04:53,287 [main] INFO  pom.pages1.LoginTest - === LoginTest Suite Completed ===
2025-07-21 14:04:53,412 [main] INFO  org.testng.internal.Utils - [TestNG] Time taken by org.testng.reporters.jq.Main@1f1cae23: 70 ms
2025-07-21 14:04:53,430 [main] INFO  org.testng.internal.Utils - [TestNG] Time taken by org.testng.reporters.FailedReporter@51dbd6e4: 18 ms
2025-07-21 14:04:53,443 [main] INFO  org.testng.internal.Utils - [TestNG] Time taken by org.testng.reporters.XMLReporter@58399d82: 13 ms
2025-07-21 14:04:53,457 [main] INFO  org.testng.internal.Utils - [TestNG] Time taken by org.testng.reporters.EmailableReporter2@656d10a4: 14 ms
2025-07-21 14:04:53,468 [main] INFO  org.testng.internal.Utils - [TestNG] Time taken by org.testng.reporters.JUnitReportReporter@108531c2: 11 ms
2025-07-21 14:04:53,468 [main] INFO  org.testng.internal.Utils - [TestNG] Time taken by org.testng.internal.ExitCodeListener@48b22fd4: 0 ms
2025-07-21 14:06:53,730 [main] DEBUG org.testng.TestNG - suiteXmlPath: "C:\Users\PRATHA~1\AppData\Local\Temp\testng-eclipse--1687303439\testng-customsuite.xml"
2025-07-21 14:06:54,030 [main] INFO  org.testng.internal.Utils - [Utils] MethodGroupsHelper.collectMethodsByGroup() took 0 ms.
2025-07-21 14:06:54,034 [main] INFO  org.testng.internal.Utils - [Utils] MethodGroupsHelper.sortMethods() took 2 ms.
2025-07-21 14:06:54,037 [main] INFO  org.testng.internal.Utils - [Utils] MethodGroupsHelper.collectMethodsByGroup() took 0 ms.
2025-07-21 14:06:54,038 [main] INFO  org.testng.internal.Utils - [Utils] MethodGroupsHelper.sortMethods() took 0 ms.
2025-07-21 14:06:54,039 [main] INFO  org.testng.internal.Utils - [Utils] MethodGroupsHelper.collectMethodsByGroup() took 0 ms.
2025-07-21 14:06:54,039 [main] INFO  org.testng.internal.Utils - [Utils] MethodGroupsHelper.sortMethods() took 0 ms.
2025-07-21 14:06:54,040 [main] INFO  org.testng.internal.Utils - [Utils] MethodGroupsHelper.collectMethodsByGroup() took 0 ms.
2025-07-21 14:06:54,040 [main] INFO  org.testng.internal.Utils - [Utils] MethodGroupsHelper.sortMethods() took 0 ms.
2025-07-21 14:06:54,050 [main] INFO  org.testng.internal.Utils - [Utils] MethodGroupsHelper.collectMethodsByGroup() took 6 ms.
2025-07-21 14:06:54,066 [main] INFO  org.testng.internal.Utils - [Utils] MethodGroupsHelper.sortMethods() took 16 ms.
2025-07-21 14:06:54,069 [main] INFO  org.testng.internal.Utils - [Utils] MethodGroupsHelper.collectMethodsByGroup() took 0 ms.
2025-07-21 14:06:54,069 [main] INFO  org.testng.internal.Utils - [Utils] MethodGroupsHelper.sortMethods() took 0 ms.
2025-07-21 14:06:54,070 [main] INFO  org.testng.internal.Utils - [Utils] MethodGroupsHelper.collectMethodsByGroup() took 0 ms.
2025-07-21 14:06:54,070 [main] INFO  org.testng.internal.Utils - [Utils] MethodGroupsHelper.sortMethods() took 0 ms.
2025-07-21 14:06:54,071 [main] INFO  org.testng.internal.Utils - [Utils] MethodGroupsHelper.collectMethodsByGroup() took 0 ms.
2025-07-21 14:06:54,071 [main] INFO  org.testng.internal.Utils - [Utils] MethodGroupsHelper.sortMethods() took 0 ms.
2025-07-21 14:06:54,073 [main] INFO  org.testng.internal.Utils - [Utils] MethodGroupsHelper.collectMethodsByGroup() took 0 ms.
2025-07-21 14:06:54,074 [main] INFO  org.testng.internal.Utils - [Utils] MethodGroupsHelper.sortMethods() took 1 ms.
2025-07-21 14:06:54,074 [main] INFO  org.testng.internal.Utils - [Utils] MethodGroupsHelper.collectMethodsByGroup() took 0 ms.
2025-07-21 14:06:54,074 [main] INFO  org.testng.internal.Utils - [Utils] MethodGroupsHelper.sortMethods() took 0 ms.
2025-07-21 14:06:54,081 [main] INFO  org.testng.internal.Utils - [Utils] MethodGroupsHelper.collectMethodsByGroup() took 0 ms.
2025-07-21 14:06:54,081 [main] INFO  org.testng.internal.Utils - [Utils] MethodGroupsHelper.sortMethods() took 0 ms.
2025-07-21 14:06:54,081 [main] INFO  org.testng.internal.Utils - [Utils] MethodGroupsHelper.collectMethodsByGroup() took 0 ms.
2025-07-21 14:06:54,081 [main] INFO  org.testng.internal.Utils - [Utils] MethodGroupsHelper.sortMethods() took 0 ms.
2025-07-21 14:06:54,086 [main] INFO  org.testng.internal.Utils - [Utils] MethodGroupsHelper.collectMethodsByGroup() took 4 ms.
2025-07-21 14:06:54,086 [main] INFO  org.testng.internal.Utils - [Utils] MethodGroupsHelper.sortMethods() took 0 ms.
2025-07-21 14:06:54,087 [main] INFO  org.testng.internal.Utils - [Utils] MethodGroupsHelper.collectMethodsByGroup() took 0 ms.
2025-07-21 14:06:54,088 [main] INFO  org.testng.internal.Utils - [Utils] MethodGroupsHelper.sortMethods() took 0 ms.
2025-07-21 14:06:54,088 [main] INFO  org.testng.internal.Utils - [Utils] MethodGroupsHelper.collectMethodsByGroup() took 0 ms.
2025-07-21 14:06:54,088 [main] INFO  org.testng.internal.Utils - [Utils] MethodGroupsHelper.sortMethods() took 0 ms.
2025-07-21 14:06:54,099 [main] INFO  org.testng.internal.Utils - [TestNG] Running:
  C:\Users\Prathamesh\AppData\Local\Temp\testng-eclipse--1687303439\testng-customsuite.xml

2025-07-21 14:06:54,124 [main] INFO  org.testng.internal.Utils - [Utils] DynamicGraphHelper.createDynamicGraph() took 6 ms.
2025-07-21 14:06:54,164 [main] INFO  pom.pages1.LoginTest - === Starting LoginTest Suite ===
2025-07-21 14:06:54,164 [main] INFO  pom.pages1.LoginTest - Base URL: https://bonigarcia.dev/selenium-webdriver-java/login-form.html
2025-07-21 14:06:54,164 [main] INFO  pom.pages1.LoginTest - Default Browser: chrome
2025-07-21 14:06:54,186 [main] INFO  pom.pages1.LoginTest - Setting up test with browser: chrome
2025-07-21 14:06:54,187 [main] DEBUG pom.pages1.LoginTest - Initializing chrome driver
2025-07-21 14:06:55,972 [main] DEBUG pom.pages1.LoginTest - Driver configured - Timeout: 10s, Page Load Timeout: 30s
2025-07-21 14:06:58,481 [main] INFO  pom.pages1.LoginTest - Successfully navigated to: https://bonigarcia.dev/selenium-webdriver-java/login-form.html
2025-07-21 14:06:58,513 [main] INFO  pom.pages1.LoginPage_PageFactory - Validating Login Page load...
2025-07-21 14:06:58,548 [main] INFO  pom.pages1.LoginPage_PageFactory - Login Page validated successfully - Title: 'Hands-On Selenium WebDriver with Java', URL: 'https://bonigarcia.dev/selenium-webdriver-java/login-form.html'
2025-07-21 14:06:58,593 [main] ERROR pom.pages1.LoginTest - Test FAILED: PageFactoryTest - Compound class names not permitted
For documentation on this error, please visit: https://www.selenium.dev/documentation/webdriver/troubleshooting/errors#invalid-selector-exception
Build info: version: '4.33.0', revision: '2c6aaad03a'
System info: os.name: 'Windows 11', os.arch: 'amd64', os.version: '10.0', java.version: '24.0.1'
Driver info: driver.version: unknown
2025-07-21 14:06:58,914 [main] DEBUG pom.pages1.LoginTest - WebDriver closed successfully
2025-07-21 14:06:58,918 [main] INFO  pom.pages1.LoginTest - === LoginTest Suite Completed ===
2025-07-21 14:06:59,075 [main] INFO  org.testng.internal.Utils - [TestNG] Time taken by org.testng.reporters.jq.Main@71870da7: 89 ms
2025-07-21 14:06:59,099 [main] INFO  org.testng.internal.Utils - [TestNG] Time taken by org.testng.reporters.FailedReporter@3afae281: 24 ms
2025-07-21 14:06:59,118 [main] INFO  org.testng.internal.Utils - [TestNG] Time taken by org.testng.reporters.XMLReporter@652ce654: 18 ms
2025-07-21 14:06:59,131 [main] INFO  org.testng.internal.Utils - [TestNG] Time taken by org.testng.reporters.EmailableReporter2@48b22fd4: 13 ms
2025-07-21 14:06:59,141 [main] INFO  org.testng.internal.Utils - [TestNG] Time taken by org.testng.reporters.JUnitReportReporter@73ab3aac: 10 ms
2025-07-21 14:06:59,141 [main] INFO  org.testng.internal.Utils - [TestNG] Time taken by org.testng.internal.ExitCodeListener@54f66455: 0 ms
2025-07-21 14:08:22,275 [main] DEBUG org.testng.TestNG - suiteXmlPath: "C:\Users\PRATHA~1\AppData\Local\Temp\testng-eclipse--634475562\testng-customsuite.xml"
2025-07-21 14:08:22,605 [main] INFO  org.testng.internal.Utils - [Utils] MethodGroupsHelper.collectMethodsByGroup() took 0 ms.
2025-07-21 14:08:22,613 [main] INFO  org.testng.internal.Utils - [Utils] MethodGroupsHelper.sortMethods() took 1 ms.
2025-07-21 14:08:22,615 [main] INFO  org.testng.internal.Utils - [Utils] MethodGroupsHelper.collectMethodsByGroup() took 0 ms.
2025-07-21 14:08:22,616 [main] INFO  org.testng.internal.Utils - [Utils] MethodGroupsHelper.sortMethods() took 0 ms.
2025-07-21 14:08:22,618 [main] INFO  org.testng.internal.Utils - [Utils] MethodGroupsHelper.collectMethodsByGroup() took 0 ms.
2025-07-21 14:08:22,619 [main] INFO  org.testng.internal.Utils - [Utils] MethodGroupsHelper.sortMethods() took 0 ms.
2025-07-21 14:08:22,620 [main] INFO  org.testng.internal.Utils - [Utils] MethodGroupsHelper.collectMethodsByGroup() took 0 ms.
2025-07-21 14:08:22,621 [main] INFO  org.testng.internal.Utils - [Utils] MethodGroupsHelper.sortMethods() took 0 ms.
2025-07-21 14:08:22,633 [main] INFO  org.testng.internal.Utils - [Utils] MethodGroupsHelper.collectMethodsByGroup() took 8 ms.
2025-07-21 14:08:22,653 [main] INFO  org.testng.internal.Utils - [Utils] MethodGroupsHelper.sortMethods() took 20 ms.
2025-07-21 14:08:22,654 [main] INFO  org.testng.internal.Utils - [Utils] MethodGroupsHelper.collectMethodsByGroup() took 0 ms.
2025-07-21 14:08:22,655 [main] INFO  org.testng.internal.Utils - [Utils] MethodGroupsHelper.sortMethods() took 0 ms.
2025-07-21 14:08:22,655 [main] INFO  org.testng.internal.Utils - [Utils] MethodGroupsHelper.collectMethodsByGroup() took 0 ms.
2025-07-21 14:08:22,655 [main] INFO  org.testng.internal.Utils - [Utils] MethodGroupsHelper.sortMethods() took 0 ms.
2025-07-21 14:08:22,657 [main] INFO  org.testng.internal.Utils - [Utils] MethodGroupsHelper.collectMethodsByGroup() took 0 ms.
2025-07-21 14:08:22,657 [main] INFO  org.testng.internal.Utils - [Utils] MethodGroupsHelper.sortMethods() took 0 ms.
2025-07-21 14:08:22,659 [main] INFO  org.testng.internal.Utils - [Utils] MethodGroupsHelper.collectMethodsByGroup() took 0 ms.
2025-07-21 14:08:22,659 [main] INFO  org.testng.internal.Utils - [Utils] MethodGroupsHelper.sortMethods() took 0 ms.
2025-07-21 14:08:22,660 [main] INFO  org.testng.internal.Utils - [Utils] MethodGroupsHelper.collectMethodsByGroup() took 0 ms.
2025-07-21 14:08:22,661 [main] INFO  org.testng.internal.Utils - [Utils] MethodGroupsHelper.sortMethods() took 0 ms.
2025-07-21 14:08:22,665 [main] INFO  org.testng.internal.Utils - [Utils] MethodGroupsHelper.collectMethodsByGroup() took 0 ms.
2025-07-21 14:08:22,665 [main] INFO  org.testng.internal.Utils - [Utils] MethodGroupsHelper.sortMethods() took 0 ms.
2025-07-21 14:08:22,665 [main] INFO  org.testng.internal.Utils - [Utils] MethodGroupsHelper.collectMethodsByGroup() took 0 ms.
2025-07-21 14:08:22,665 [main] INFO  org.testng.internal.Utils - [Utils] MethodGroupsHelper.sortMethods() took 0 ms.
2025-07-21 14:08:22,670 [main] INFO  org.testng.internal.Utils - [Utils] MethodGroupsHelper.collectMethodsByGroup() took 3 ms.
2025-07-21 14:08:22,670 [main] INFO  org.testng.internal.Utils - [Utils] MethodGroupsHelper.sortMethods() took 0 ms.
2025-07-21 14:08:22,672 [main] INFO  org.testng.internal.Utils - [Utils] MethodGroupsHelper.collectMethodsByGroup() took 0 ms.
2025-07-21 14:08:22,673 [main] INFO  org.testng.internal.Utils - [Utils] MethodGroupsHelper.sortMethods() took 0 ms.
2025-07-21 14:08:22,673 [main] INFO  org.testng.internal.Utils - [Utils] MethodGroupsHelper.collectMethodsByGroup() took 0 ms.
2025-07-21 14:08:22,673 [main] INFO  org.testng.internal.Utils - [Utils] MethodGroupsHelper.sortMethods() took 0 ms.
2025-07-21 14:08:22,683 [main] INFO  org.testng.internal.Utils - [TestNG] Running:
  C:\Users\Prathamesh\AppData\Local\Temp\testng-eclipse--634475562\testng-customsuite.xml

2025-07-21 14:08:22,708 [main] INFO  org.testng.internal.Utils - [Utils] DynamicGraphHelper.createDynamicGraph() took 6 ms.
2025-07-21 14:08:22,745 [main] INFO  pom.pages1.LoginTest - === Starting LoginTest Suite ===
2025-07-21 14:08:22,745 [main] INFO  pom.pages1.LoginTest - Base URL: https://bonigarcia.dev/selenium-webdriver-java/login-form.html
2025-07-21 14:08:22,745 [main] INFO  pom.pages1.LoginTest - Default Browser: chrome
2025-07-21 14:08:22,764 [main] INFO  pom.pages1.LoginTest - Setting up test with browser: chrome
2025-07-21 14:08:22,765 [main] DEBUG pom.pages1.LoginTest - Initializing chrome driver
2025-07-21 14:08:24,626 [main] DEBUG pom.pages1.LoginTest - Driver configured - Timeout: 10s, Page Load Timeout: 30s
2025-07-21 14:08:25,903 [main] INFO  pom.pages1.LoginTest - Successfully navigated to: https://bonigarcia.dev/selenium-webdriver-java/login-form.html
2025-07-21 14:08:25,929 [main] INFO  pom.pages1.LoginPage_PageFactory - Validating Login Page load...
2025-07-21 14:08:25,962 [main] INFO  pom.pages1.LoginPage_PageFactory - Login Page validated successfully - Title: 'Hands-On Selenium WebDriver with Java', URL: 'https://bonigarcia.dev/selenium-webdriver-java/login-form.html'
2025-07-21 14:08:26,001 [main] ERROR pom.pages1.LoginTest - Test FAILED: PageFactoryTest - Compound class names not permitted
For documentation on this error, please visit: https://www.selenium.dev/documentation/webdriver/troubleshooting/errors#invalid-selector-exception
Build info: version: '4.33.0', revision: '2c6aaad03a'
System info: os.name: 'Windows 11', os.arch: 'amd64', os.version: '10.0', java.version: '24.0.1'
Driver info: driver.version: unknown
2025-07-21 14:08:26,289 [main] DEBUG pom.pages1.LoginTest - WebDriver closed successfully
2025-07-21 14:08:26,292 [main] INFO  pom.pages1.LoginTest - === LoginTest Suite Completed ===
2025-07-21 14:08:26,457 [main] INFO  org.testng.internal.Utils - [TestNG] Time taken by org.testng.reporters.jq.Main@1f1cae23: 98 ms
2025-07-21 14:08:26,484 [main] INFO  org.testng.internal.Utils - [TestNG] Time taken by org.testng.reporters.FailedReporter@51dbd6e4: 27 ms
2025-07-21 14:08:26,498 [main] INFO  org.testng.internal.Utils - [TestNG] Time taken by org.testng.reporters.XMLReporter@58399d82: 14 ms
2025-07-21 14:08:26,512 [main] INFO  org.testng.internal.Utils - [TestNG] Time taken by org.testng.reporters.EmailableReporter2@656d10a4: 13 ms
2025-07-21 14:08:26,526 [main] INFO  org.testng.internal.Utils - [TestNG] Time taken by org.testng.reporters.JUnitReportReporter@108531c2: 14 ms
2025-07-21 14:08:26,526 [main] INFO  org.testng.internal.Utils - [TestNG] Time taken by org.testng.internal.ExitCodeListener@48b22fd4: 0 ms
2025-07-21 14:11:18,884 [main] DEBUG org.testng.TestNG - suiteXmlPath: "C:\Users\PRATHA~1\AppData\Local\Temp\testng-eclipse-1277554617\testng-customsuite.xml"
2025-07-21 14:11:19,204 [main] INFO  org.testng.internal.Utils - [Utils] MethodGroupsHelper.collectMethodsByGroup() took 0 ms.
2025-07-21 14:11:19,210 [main] INFO  org.testng.internal.Utils - [Utils] MethodGroupsHelper.sortMethods() took 3 ms.
2025-07-21 14:11:19,215 [main] INFO  org.testng.internal.Utils - [Utils] MethodGroupsHelper.collectMethodsByGroup() took 0 ms.
2025-07-21 14:11:19,216 [main] INFO  org.testng.internal.Utils - [Utils] MethodGroupsHelper.sortMethods() took 0 ms.
2025-07-21 14:11:19,217 [main] INFO  org.testng.internal.Utils - [Utils] MethodGroupsHelper.collectMethodsByGroup() took 0 ms.
2025-07-21 14:11:19,217 [main] INFO  org.testng.internal.Utils - [Utils] MethodGroupsHelper.sortMethods() took 0 ms.
2025-07-21 14:11:19,218 [main] INFO  org.testng.internal.Utils - [Utils] MethodGroupsHelper.collectMethodsByGroup() took 0 ms.
2025-07-21 14:11:19,219 [main] INFO  org.testng.internal.Utils - [Utils] MethodGroupsHelper.sortMethods() took 0 ms.
2025-07-21 14:11:19,231 [main] INFO  org.testng.internal.Utils - [Utils] MethodGroupsHelper.collectMethodsByGroup() took 8 ms.
2025-07-21 14:11:19,251 [main] INFO  org.testng.internal.Utils - [Utils] MethodGroupsHelper.sortMethods() took 20 ms.
2025-07-21 14:11:19,253 [main] INFO  org.testng.internal.Utils - [Utils] MethodGroupsHelper.collectMethodsByGroup() took 1 ms.
2025-07-21 14:11:19,253 [main] INFO  org.testng.internal.Utils - [Utils] MethodGroupsHelper.sortMethods() took 0 ms.
2025-07-21 14:11:19,254 [main] INFO  org.testng.internal.Utils - [Utils] MethodGroupsHelper.collectMethodsByGroup() took 0 ms.
2025-07-21 14:11:19,254 [main] INFO  org.testng.internal.Utils - [Utils] MethodGroupsHelper.sortMethods() took 0 ms.
2025-07-21 14:11:19,255 [main] INFO  org.testng.internal.Utils - [Utils] MethodGroupsHelper.collectMethodsByGroup() took 0 ms.
2025-07-21 14:11:19,255 [main] INFO  org.testng.internal.Utils - [Utils] MethodGroupsHelper.sortMethods() took 0 ms.
2025-07-21 14:11:19,257 [main] INFO  org.testng.internal.Utils - [Utils] MethodGroupsHelper.collectMethodsByGroup() took 0 ms.
2025-07-21 14:11:19,257 [main] INFO  org.testng.internal.Utils - [Utils] MethodGroupsHelper.sortMethods() took 0 ms.
2025-07-21 14:11:19,260 [main] INFO  org.testng.internal.Utils - [Utils] MethodGroupsHelper.collectMethodsByGroup() took 0 ms.
2025-07-21 14:11:19,261 [main] INFO  org.testng.internal.Utils - [Utils] MethodGroupsHelper.sortMethods() took 0 ms.
2025-07-21 14:11:19,268 [main] INFO  org.testng.internal.Utils - [Utils] MethodGroupsHelper.collectMethodsByGroup() took 0 ms.
2025-07-21 14:11:19,268 [main] INFO  org.testng.internal.Utils - [Utils] MethodGroupsHelper.sortMethods() took 0 ms.
2025-07-21 14:11:19,269 [main] INFO  org.testng.internal.Utils - [Utils] MethodGroupsHelper.collectMethodsByGroup() took 0 ms.
2025-07-21 14:11:19,269 [main] INFO  org.testng.internal.Utils - [Utils] MethodGroupsHelper.sortMethods() took 0 ms.
2025-07-21 14:11:19,274 [main] INFO  org.testng.internal.Utils - [Utils] MethodGroupsHelper.collectMethodsByGroup() took 4 ms.
2025-07-21 14:11:19,275 [main] INFO  org.testng.internal.Utils - [Utils] MethodGroupsHelper.sortMethods() took 1 ms.
2025-07-21 14:11:19,277 [main] INFO  org.testng.internal.Utils - [Utils] MethodGroupsHelper.collectMethodsByGroup() took 0 ms.
2025-07-21 14:11:19,277 [main] INFO  org.testng.internal.Utils - [Utils] MethodGroupsHelper.sortMethods() took 0 ms.
2025-07-21 14:11:19,277 [main] INFO  org.testng.internal.Utils - [Utils] MethodGroupsHelper.collectMethodsByGroup() took 0 ms.
2025-07-21 14:11:19,277 [main] INFO  org.testng.internal.Utils - [Utils] MethodGroupsHelper.sortMethods() took 0 ms.
2025-07-21 14:11:19,289 [main] INFO  org.testng.internal.Utils - [TestNG] Running:
  C:\Users\Prathamesh\AppData\Local\Temp\testng-eclipse-1277554617\testng-customsuite.xml

2025-07-21 14:11:19,314 [main] INFO  org.testng.internal.Utils - [Utils] DynamicGraphHelper.createDynamicGraph() took 6 ms.
2025-07-21 14:11:19,349 [main] INFO  pom.pages1.LoginTest - === Starting LoginTest Suite ===
2025-07-21 14:11:19,349 [main] INFO  pom.pages1.LoginTest - Base URL: https://bonigarcia.dev/selenium-webdriver-java/login-form.html
2025-07-21 14:11:19,349 [main] INFO  pom.pages1.LoginTest - Default Browser: chrome
2025-07-21 14:11:19,374 [main] INFO  pom.pages1.LoginTest - Setting up test with browser: chrome
2025-07-21 14:11:19,374 [main] DEBUG pom.pages1.LoginTest - Initializing chrome driver
2025-07-21 14:11:21,234 [main] DEBUG pom.pages1.LoginTest - Driver configured - Timeout: 10s, Page Load Timeout: 30s
2025-07-21 14:11:21,606 [main] INFO  pom.pages1.LoginTest - Successfully navigated to: https://bonigarcia.dev/selenium-webdriver-java/login-form.html
2025-07-21 14:11:21,636 [main] INFO  pom.pages1.LoginPage_PageFactory - Validating Login Page load...
2025-07-21 14:11:21,667 [main] INFO  pom.pages1.LoginPage_PageFactory - Login Page validated successfully - Title: 'Hands-On Selenium WebDriver with Java', URL: 'https://bonigarcia.dev/selenium-webdriver-java/login-form.html'
2025-07-21 14:11:21,698 [main] INFO  pom.pages1.LoginPage_PageFactory - Login_Page1 initialized
2025-07-21 14:11:23,802 [main] INFO  pom.pages1.LoginTest - Test PASSED: PageFactoryTest
2025-07-21 14:11:24,419 [main] DEBUG pom.pages1.LoginTest - WebDriver closed successfully
2025-07-21 14:11:24,422 [main] INFO  pom.pages1.LoginTest - === LoginTest Suite Completed ===
2025-07-21 14:11:24,612 [main] INFO  org.testng.internal.Utils - [TestNG] Time taken by org.testng.reporters.jq.Main@1eb6e1c: 110 ms
2025-07-21 14:11:24,614 [main] INFO  org.testng.internal.Utils - [TestNG] Time taken by org.testng.reporters.FailedReporter@5f13be1: 2 ms
2025-07-21 14:11:24,630 [main] INFO  org.testng.internal.Utils - [TestNG] Time taken by org.testng.reporters.XMLReporter@26f96b85: 15 ms
2025-07-21 14:11:24,644 [main] INFO  org.testng.internal.Utils - [TestNG] Time taken by org.testng.reporters.EmailableReporter2@63ec445c: 14 ms
2025-07-21 14:11:24,654 [main] INFO  org.testng.internal.Utils - [TestNG] Time taken by org.testng.reporters.JUnitReportReporter@48b22fd4: 10 ms
2025-07-21 14:11:24,654 [main] INFO  org.testng.internal.Utils - [TestNG] Time taken by org.testng.internal.ExitCodeListener@6a9d5dff: 0 ms
2025-07-21 14:11:47,698 [main] DEBUG org.testng.TestNG - suiteXmlPath: "C:\Users\PRATHA~1\AppData\Local\Temp\testng-eclipse--1482002412\testng-customsuite.xml"
2025-07-21 14:11:48,137 [main] INFO  org.testng.internal.Utils - [Utils] MethodGroupsHelper.collectMethodsByGroup() took 0 ms.
2025-07-21 14:11:48,147 [main] INFO  org.testng.internal.Utils - [Utils] MethodGroupsHelper.sortMethods() took 2 ms.
2025-07-21 14:11:48,149 [main] INFO  org.testng.internal.Utils - [Utils] MethodGroupsHelper.collectMethodsByGroup() took 0 ms.
2025-07-21 14:11:48,150 [main] INFO  org.testng.internal.Utils - [Utils] MethodGroupsHelper.sortMethods() took 0 ms.
2025-07-21 14:11:48,151 [main] INFO  org.testng.internal.Utils - [Utils] MethodGroupsHelper.collectMethodsByGroup() took 0 ms.
2025-07-21 14:11:48,152 [main] INFO  org.testng.internal.Utils - [Utils] MethodGroupsHelper.sortMethods() took 1 ms.
2025-07-21 14:11:48,153 [main] INFO  org.testng.internal.Utils - [Utils] MethodGroupsHelper.collectMethodsByGroup() took 0 ms.
2025-07-21 14:11:48,153 [main] INFO  org.testng.internal.Utils - [Utils] MethodGroupsHelper.sortMethods() took 0 ms.
2025-07-21 14:11:48,162 [main] INFO  org.testng.internal.Utils - [Utils] MethodGroupsHelper.collectMethodsByGroup() took 6 ms.
2025-07-21 14:11:48,185 [main] INFO  org.testng.internal.Utils - [Utils] MethodGroupsHelper.sortMethods() took 23 ms.
2025-07-21 14:11:48,186 [main] INFO  org.testng.internal.Utils - [Utils] MethodGroupsHelper.collectMethodsByGroup() took 0 ms.
2025-07-21 14:11:48,187 [main] INFO  org.testng.internal.Utils - [Utils] MethodGroupsHelper.sortMethods() took 1 ms.
2025-07-21 14:11:48,187 [main] INFO  org.testng.internal.Utils - [Utils] MethodGroupsHelper.collectMethodsByGroup() took 0 ms.
2025-07-21 14:11:48,189 [main] INFO  org.testng.internal.Utils - [Utils] MethodGroupsHelper.sortMethods() took 0 ms.
2025-07-21 14:11:48,189 [main] INFO  org.testng.internal.Utils - [Utils] MethodGroupsHelper.collectMethodsByGroup() took 0 ms.
2025-07-21 14:11:48,189 [main] INFO  org.testng.internal.Utils - [Utils] MethodGroupsHelper.sortMethods() took 0 ms.
2025-07-21 14:11:48,192 [main] INFO  org.testng.internal.Utils - [Utils] MethodGroupsHelper.collectMethodsByGroup() took 0 ms.
2025-07-21 14:11:48,192 [main] INFO  org.testng.internal.Utils - [Utils] MethodGroupsHelper.sortMethods() took 0 ms.
2025-07-21 14:11:48,193 [main] INFO  org.testng.internal.Utils - [Utils] MethodGroupsHelper.collectMethodsByGroup() took 0 ms.
2025-07-21 14:11:48,194 [main] INFO  org.testng.internal.Utils - [Utils] MethodGroupsHelper.sortMethods() took 0 ms.
2025-07-21 14:11:48,199 [main] INFO  org.testng.internal.Utils - [Utils] MethodGroupsHelper.collectMethodsByGroup() took 0 ms.
2025-07-21 14:11:48,199 [main] INFO  org.testng.internal.Utils - [Utils] MethodGroupsHelper.sortMethods() took 0 ms.
2025-07-21 14:11:48,199 [main] INFO  org.testng.internal.Utils - [Utils] MethodGroupsHelper.collectMethodsByGroup() took 0 ms.
2025-07-21 14:11:48,199 [main] INFO  org.testng.internal.Utils - [Utils] MethodGroupsHelper.sortMethods() took 0 ms.
2025-07-21 14:11:48,205 [main] INFO  org.testng.internal.Utils - [Utils] MethodGroupsHelper.collectMethodsByGroup() took 5 ms.
2025-07-21 14:11:48,205 [main] INFO  org.testng.internal.Utils - [Utils] MethodGroupsHelper.sortMethods() took 0 ms.
2025-07-21 14:11:48,207 [main] INFO  org.testng.internal.Utils - [Utils] MethodGroupsHelper.collectMethodsByGroup() took 0 ms.
2025-07-21 14:11:48,208 [main] INFO  org.testng.internal.Utils - [Utils] MethodGroupsHelper.sortMethods() took 0 ms.
2025-07-21 14:11:48,209 [main] INFO  org.testng.internal.Utils - [Utils] MethodGroupsHelper.collectMethodsByGroup() took 0 ms.
2025-07-21 14:11:48,210 [main] INFO  org.testng.internal.Utils - [Utils] MethodGroupsHelper.sortMethods() took 0 ms.
2025-07-21 14:11:48,234 [main] INFO  org.testng.internal.Utils - [TestNG] Running:
  C:\Users\Prathamesh\AppData\Local\Temp\testng-eclipse--1482002412\testng-customsuite.xml

2025-07-21 14:11:48,273 [main] INFO  org.testng.internal.Utils - [Utils] DynamicGraphHelper.createDynamicGraph() took 10 ms.
2025-07-21 14:11:48,307 [main] INFO  pom.pages1.LoginTest - === Starting LoginTest Suite ===
2025-07-21 14:11:48,307 [main] INFO  pom.pages1.LoginTest - Base URL: https://bonigarcia.dev/selenium-webdriver-java/login-form.html
2025-07-21 14:11:48,307 [main] INFO  pom.pages1.LoginTest - Default Browser: chrome
2025-07-21 14:11:48,327 [main] INFO  pom.pages1.LoginTest - Setting up test with browser: chrome
2025-07-21 14:11:48,329 [main] DEBUG pom.pages1.LoginTest - Initializing chrome driver
2025-07-21 14:11:50,217 [main] DEBUG pom.pages1.LoginTest - Driver configured - Timeout: 10s, Page Load Timeout: 30s
2025-07-21 14:11:50,930 [main] INFO  pom.pages1.LoginTest - Successfully navigated to: https://bonigarcia.dev/selenium-webdriver-java/login-form.html
2025-07-21 14:11:50,957 [main] INFO  pom.pages1.LoginPage_PageFactory - Validating Login Page load...
2025-07-21 14:11:50,994 [main] INFO  pom.pages1.LoginPage_PageFactory - Login Page validated successfully - Title: 'Hands-On Selenium WebDriver with Java', URL: 'https://bonigarcia.dev/selenium-webdriver-java/login-form.html'
2025-07-21 14:11:51,023 [main] INFO  pom.pages1.LoginPage_PageFactory - Login_Page1 initialized
2025-07-21 14:11:53,148 [main] INFO  pom.pages1.LoginTest - Test PASSED: PageFactoryTest
2025-07-21 14:11:53,495 [main] DEBUG pom.pages1.LoginTest - WebDriver closed successfully
2025-07-21 14:11:53,497 [main] INFO  pom.pages1.LoginTest - === LoginTest Suite Completed ===
2025-07-21 14:11:53,640 [main] INFO  org.testng.internal.Utils - [TestNG] Time taken by org.testng.reporters.jq.Main@51dbd6e4: 91 ms
2025-07-21 14:11:53,656 [main] INFO  org.testng.internal.Utils - [TestNG] Time taken by org.testng.reporters.FailedReporter@5f303ecd: 12 ms
2025-07-21 14:11:53,672 [main] INFO  org.testng.internal.Utils - [TestNG] Time taken by org.testng.reporters.XMLReporter@46d8f407: 16 ms
2025-07-21 14:11:53,683 [main] INFO  org.testng.internal.Utils - [TestNG] Time taken by org.testng.reporters.EmailableReporter2@3104351d: 11 ms
2025-07-21 14:11:53,691 [main] INFO  org.testng.internal.Utils - [TestNG] Time taken by org.testng.reporters.JUnitReportReporter@6a9d5dff: 8 ms
2025-07-21 14:11:53,691 [main] INFO  org.testng.internal.Utils - [TestNG] Time taken by org.testng.internal.ExitCodeListener@3b08f438: 0 ms
2025-07-21 14:42:19,681 [main] DEBUG org.testng.TestNG - suiteXmlPath: "C:\Users\PRATHA~1\AppData\Local\Temp\testng-eclipse--1489508043\testng-customsuite.xml"
2025-07-21 14:42:20,022 [main] INFO  org.testng.internal.Utils - [Utils] MethodGroupsHelper.collectMethodsByGroup() took 1 ms.
2025-07-21 14:42:20,031 [main] INFO  org.testng.internal.Utils - [Utils] MethodGroupsHelper.sortMethods() took 2 ms.
2025-07-21 14:42:20,034 [main] INFO  org.testng.internal.Utils - [Utils] MethodGroupsHelper.collectMethodsByGroup() took 0 ms.
2025-07-21 14:42:20,035 [main] INFO  org.testng.internal.Utils - [Utils] MethodGroupsHelper.sortMethods() took 0 ms.
2025-07-21 14:42:20,036 [main] INFO  org.testng.internal.Utils - [Utils] MethodGroupsHelper.collectMethodsByGroup() took 0 ms.
2025-07-21 14:42:20,036 [main] INFO  org.testng.internal.Utils - [Utils] MethodGroupsHelper.sortMethods() took 0 ms.
2025-07-21 14:42:20,037 [main] INFO  org.testng.internal.Utils - [Utils] MethodGroupsHelper.collectMethodsByGroup() took 0 ms.
2025-07-21 14:42:20,037 [main] INFO  org.testng.internal.Utils - [Utils] MethodGroupsHelper.sortMethods() took 0 ms.
2025-07-21 14:42:20,050 [main] INFO  org.testng.internal.Utils - [Utils] MethodGroupsHelper.collectMethodsByGroup() took 10 ms.
2025-07-21 14:42:20,069 [main] INFO  org.testng.internal.Utils - [Utils] MethodGroupsHelper.sortMethods() took 17 ms.
2025-07-21 14:42:20,070 [main] INFO  org.testng.internal.Utils - [Utils] MethodGroupsHelper.collectMethodsByGroup() took 0 ms.
2025-07-21 14:42:20,070 [main] INFO  org.testng.internal.Utils - [Utils] MethodGroupsHelper.sortMethods() took 0 ms.
2025-07-21 14:42:20,071 [main] INFO  org.testng.internal.Utils - [Utils] MethodGroupsHelper.collectMethodsByGroup() took 0 ms.
2025-07-21 14:42:20,071 [main] INFO  org.testng.internal.Utils - [Utils] MethodGroupsHelper.sortMethods() took 0 ms.
2025-07-21 14:42:20,073 [main] INFO  org.testng.internal.Utils - [Utils] MethodGroupsHelper.collectMethodsByGroup() took 0 ms.
2025-07-21 14:42:20,073 [main] INFO  org.testng.internal.Utils - [Utils] MethodGroupsHelper.sortMethods() took 0 ms.
2025-07-21 14:42:20,076 [main] INFO  org.testng.internal.Utils - [Utils] MethodGroupsHelper.collectMethodsByGroup() took 0 ms.
2025-07-21 14:42:20,077 [main] INFO  org.testng.internal.Utils - [Utils] MethodGroupsHelper.sortMethods() took 1 ms.
2025-07-21 14:42:20,078 [main] INFO  org.testng.internal.Utils - [Utils] MethodGroupsHelper.collectMethodsByGroup() took 0 ms.
2025-07-21 14:42:20,078 [main] INFO  org.testng.internal.Utils - [Utils] MethodGroupsHelper.sortMethods() took 0 ms.
2025-07-21 14:42:20,083 [main] INFO  org.testng.internal.Utils - [Utils] MethodGroupsHelper.collectMethodsByGroup() took 0 ms.
2025-07-21 14:42:20,083 [main] INFO  org.testng.internal.Utils - [Utils] MethodGroupsHelper.sortMethods() took 0 ms.
2025-07-21 14:42:20,083 [main] INFO  org.testng.internal.Utils - [Utils] MethodGroupsHelper.collectMethodsByGroup() took 0 ms.
2025-07-21 14:42:20,083 [main] INFO  org.testng.internal.Utils - [Utils] MethodGroupsHelper.sortMethods() took 0 ms.
2025-07-21 14:42:20,088 [main] INFO  org.testng.internal.Utils - [Utils] MethodGroupsHelper.collectMethodsByGroup() took 3 ms.
2025-07-21 14:42:20,088 [main] INFO  org.testng.internal.Utils - [Utils] MethodGroupsHelper.sortMethods() took 0 ms.
2025-07-21 14:42:20,091 [main] INFO  org.testng.internal.Utils - [Utils] MethodGroupsHelper.collectMethodsByGroup() took 0 ms.
2025-07-21 14:42:20,091 [main] INFO  org.testng.internal.Utils - [Utils] MethodGroupsHelper.sortMethods() took 0 ms.
2025-07-21 14:42:20,092 [main] INFO  org.testng.internal.Utils - [Utils] MethodGroupsHelper.collectMethodsByGroup() took 0 ms.
2025-07-21 14:42:20,092 [main] INFO  org.testng.internal.Utils - [Utils] MethodGroupsHelper.sortMethods() took 0 ms.
2025-07-21 14:42:20,103 [main] INFO  org.testng.internal.Utils - [TestNG] Running:
  C:\Users\Prathamesh\AppData\Local\Temp\testng-eclipse--1489508043\testng-customsuite.xml

2025-07-21 14:42:20,130 [main] INFO  org.testng.internal.Utils - [Utils] DynamicGraphHelper.createDynamicGraph() took 8 ms.
2025-07-21 14:42:20,169 [main] INFO  pom.pages1.LoginTest - === Starting LoginTest Suite ===
2025-07-21 14:42:20,170 [main] INFO  pom.pages1.LoginTest - Base URL: https://bonigarcia.dev/selenium-webdriver-java/login-form.html
2025-07-21 14:42:20,170 [main] INFO  pom.pages1.LoginTest - Default Browser: chrome
2025-07-21 14:42:20,204 [main] INFO  pom.pages1.LoginTest - Setting up test with browser: chrome
2025-07-21 14:42:20,204 [main] DEBUG pom.pages1.LoginTest - Initializing chrome driver
2025-07-21 14:42:22,081 [main] DEBUG pom.pages1.LoginTest - Driver configured - Timeout: 10s, Page Load Timeout: 30s
2025-07-21 14:42:22,755 [main] INFO  pom.pages1.LoginTest - Successfully navigated to: https://bonigarcia.dev/selenium-webdriver-java/login-form.html
2025-07-21 14:42:22,776 [main] INFO  pom.pages1.LoginTest - Testing successful login with username: user
2025-07-21 14:42:22,787 [main] INFO  pom.pages1.Login_Page1 - Validating Login Page load...
2025-07-21 14:42:22,815 [main] INFO  pom.pages1.Login_Page1 - Login Page validated successfully - Title: 'Hands-On Selenium WebDriver with Java', URL: 'https://bonigarcia.dev/selenium-webdriver-java/login-form.html'
2025-07-21 14:42:22,815 [main] INFO  pom.pages1.Login_Page1 - Login_Page1 initialized
2025-07-21 14:42:22,815 [main] INFO  pom.pages1.Login_Page1 - Attempting login with username: user
2025-07-21 14:42:22,815 [main] DEBUG pom.pages1.Login_Page1 - Entering username: user
2025-07-21 14:42:23,002 [main] DEBUG pom.pages1.Login_Page1 - Username entered successfully
2025-07-21 14:42:23,002 [main] DEBUG pom.pages1.Login_Page1 - Entering password
2025-07-21 14:42:23,185 [main] DEBUG pom.pages1.Login_Page1 - Password entered successfully
2025-07-21 14:42:23,186 [main] DEBUG pom.pages1.Login_Page1 - Clicking submit button
2025-07-21 14:42:23,306 [main] DEBUG pom.pages1.Login_Page1 - Submit button clicked successfully
2025-07-21 14:42:33,831 [main] DEBUG pom.pages1.Login_Page1 - Login success check - Success message visible: true
2025-07-21 14:42:33,831 [main] INFO  pom.pages1.Login_Page1 - Login successful for user: user in 950ms
2025-07-21 14:42:33,833 [main] DEBUG result.LoginResult - Creating successful login result for user: user, execution time: 950ms
2025-07-21 14:42:33,833 [main] DEBUG result.LoginResult - Returning HomePage for successful login of user: user
2025-07-21 14:42:33,836 [main] INFO  pom.pages1.Home_Page1 - Validating Home Page load...
2025-07-21 14:42:33,885 [main] INFO  pom.pages1.Home_Page1 - Home Page validated successfully - Title: 'Hands-On Selenium WebDriver with Java', URL: 'https://bonigarcia.dev/selenium-webdriver-java/login-sucess.html?username=user&password=user'
2025-07-21 14:42:33,885 [main] INFO  pom.pages1.Home_Page1 - Home_Page1 initialized
2025-07-21 14:42:33,885 [main] INFO  pom.pages1.Home_Page1 - Fetching success message
2025-07-21 14:42:33,962 [main] INFO  pom.pages1.LoginTest - Test PASSED: testSuccessfulLogin
2025-07-21 14:42:34,572 [main] DEBUG pom.pages1.LoginTest - WebDriver closed successfully
2025-07-21 14:42:34,581 [main] INFO  pom.pages1.LoginTest - === LoginTest Suite Completed ===
2025-07-21 14:42:34,747 [main] INFO  org.testng.internal.Utils - [TestNG] Time taken by org.testng.reporters.jq.Main@58a120b0: 99 ms
2025-07-21 14:42:34,749 [main] INFO  org.testng.internal.Utils - [TestNG] Time taken by org.testng.reporters.FailedReporter@9d1a267: 2 ms
2025-07-21 14:42:34,769 [main] INFO  org.testng.internal.Utils - [TestNG] Time taken by org.testng.reporters.XMLReporter@1d96d872: 20 ms
2025-07-21 14:42:34,782 [main] INFO  org.testng.internal.Utils - [TestNG] Time taken by org.testng.reporters.EmailableReporter2@42b21d99: 13 ms
2025-07-21 14:42:34,792 [main] INFO  org.testng.internal.Utils - [TestNG] Time taken by org.testng.reporters.JUnitReportReporter@69d6a7cd: 10 ms
2025-07-21 14:42:34,792 [main] INFO  org.testng.internal.Utils - [TestNG] Time taken by org.testng.internal.ExitCodeListener@3162743f: 0 ms
2025-07-21 14:43:12,971 [main] DEBUG org.testng.TestNG - suiteXmlPath: "C:\Users\PRATHA~1\AppData\Local\Temp\testng-eclipse--443082980\testng-customsuite.xml"
2025-07-21 14:43:13,286 [main] INFO  org.testng.internal.Utils - [Utils] MethodGroupsHelper.collectMethodsByGroup() took 1 ms.
2025-07-21 14:43:13,292 [main] INFO  org.testng.internal.Utils - [Utils] MethodGroupsHelper.sortMethods() took 2 ms.
2025-07-21 14:43:13,296 [main] INFO  org.testng.internal.Utils - [Utils] MethodGroupsHelper.collectMethodsByGroup() took 0 ms.
2025-07-21 14:43:13,296 [main] INFO  org.testng.internal.Utils - [Utils] MethodGroupsHelper.sortMethods() took 0 ms.
2025-07-21 14:43:13,297 [main] INFO  org.testng.internal.Utils - [Utils] MethodGroupsHelper.collectMethodsByGroup() took 0 ms.
2025-07-21 14:43:13,297 [main] INFO  org.testng.internal.Utils - [Utils] MethodGroupsHelper.sortMethods() took 0 ms.
2025-07-21 14:43:13,298 [main] INFO  org.testng.internal.Utils - [Utils] MethodGroupsHelper.collectMethodsByGroup() took 0 ms.
2025-07-21 14:43:13,298 [main] INFO  org.testng.internal.Utils - [Utils] MethodGroupsHelper.sortMethods() took 0 ms.
2025-07-21 14:43:13,305 [main] INFO  org.testng.internal.Utils - [Utils] MethodGroupsHelper.collectMethodsByGroup() took 5 ms.
2025-07-21 14:43:13,323 [main] INFO  org.testng.internal.Utils - [Utils] MethodGroupsHelper.sortMethods() took 17 ms.
2025-07-21 14:43:13,325 [main] INFO  org.testng.internal.Utils - [Utils] MethodGroupsHelper.collectMethodsByGroup() took 1 ms.
2025-07-21 14:43:13,326 [main] INFO  org.testng.internal.Utils - [Utils] MethodGroupsHelper.sortMethods() took 0 ms.
2025-07-21 14:43:13,327 [main] INFO  org.testng.internal.Utils - [Utils] MethodGroupsHelper.collectMethodsByGroup() took 0 ms.
2025-07-21 14:43:13,328 [main] INFO  org.testng.internal.Utils - [Utils] MethodGroupsHelper.sortMethods() took 0 ms.
2025-07-21 14:43:13,329 [main] INFO  org.testng.internal.Utils - [Utils] MethodGroupsHelper.collectMethodsByGroup() took 0 ms.
2025-07-21 14:43:13,329 [main] INFO  org.testng.internal.Utils - [Utils] MethodGroupsHelper.sortMethods() took 0 ms.
2025-07-21 14:43:13,331 [main] INFO  org.testng.internal.Utils - [Utils] MethodGroupsHelper.collectMethodsByGroup() took 0 ms.
2025-07-21 14:43:13,332 [main] INFO  org.testng.internal.Utils - [Utils] MethodGroupsHelper.sortMethods() took 0 ms.
2025-07-21 14:43:13,333 [main] INFO  org.testng.internal.Utils - [Utils] MethodGroupsHelper.collectMethodsByGroup() took 0 ms.
2025-07-21 14:43:13,333 [main] INFO  org.testng.internal.Utils - [Utils] MethodGroupsHelper.sortMethods() took 0 ms.
2025-07-21 14:43:13,339 [main] INFO  org.testng.internal.Utils - [Utils] MethodGroupsHelper.collectMethodsByGroup() took 0 ms.
2025-07-21 14:43:13,340 [main] INFO  org.testng.internal.Utils - [Utils] MethodGroupsHelper.sortMethods() took 0 ms.
2025-07-21 14:43:13,340 [main] INFO  org.testng.internal.Utils - [Utils] MethodGroupsHelper.collectMethodsByGroup() took 0 ms.
2025-07-21 14:43:13,340 [main] INFO  org.testng.internal.Utils - [Utils] MethodGroupsHelper.sortMethods() took 0 ms.
2025-07-21 14:43:13,347 [main] INFO  org.testng.internal.Utils - [Utils] MethodGroupsHelper.collectMethodsByGroup() took 5 ms.
2025-07-21 14:43:13,347 [main] INFO  org.testng.internal.Utils - [Utils] MethodGroupsHelper.sortMethods() took 0 ms.
2025-07-21 14:43:13,349 [main] INFO  org.testng.internal.Utils - [Utils] MethodGroupsHelper.collectMethodsByGroup() took 0 ms.
2025-07-21 14:43:13,349 [main] INFO  org.testng.internal.Utils - [Utils] MethodGroupsHelper.sortMethods() took 0 ms.
2025-07-21 14:43:13,349 [main] INFO  org.testng.internal.Utils - [Utils] MethodGroupsHelper.collectMethodsByGroup() took 0 ms.
2025-07-21 14:43:13,349 [main] INFO  org.testng.internal.Utils - [Utils] MethodGroupsHelper.sortMethods() took 0 ms.
2025-07-21 14:43:13,359 [main] INFO  org.testng.internal.Utils - [TestNG] Running:
  C:\Users\Prathamesh\AppData\Local\Temp\testng-eclipse--443082980\testng-customsuite.xml

2025-07-21 14:43:13,386 [main] INFO  org.testng.internal.Utils - [Utils] DynamicGraphHelper.createDynamicGraph() took 7 ms.
2025-07-21 14:43:13,424 [main] INFO  pom.pages1.LoginTest - === Starting LoginTest Suite ===
2025-07-21 14:43:13,424 [main] INFO  pom.pages1.LoginTest - Base URL: https://bonigarcia.dev/selenium-webdriver-java/login-form.html
2025-07-21 14:43:13,424 [main] INFO  pom.pages1.LoginTest - Default Browser: chrome
2025-07-21 14:43:13,457 [main] INFO  pom.pages1.LoginTest - Setting up test with browser: chrome
2025-07-21 14:43:13,457 [main] DEBUG pom.pages1.LoginTest - Initializing chrome driver
2025-07-21 14:43:15,331 [main] DEBUG pom.pages1.LoginTest - Driver configured - Timeout: 10s, Page Load Timeout: 30s
2025-07-21 14:43:16,085 [main] INFO  pom.pages1.LoginTest - Successfully navigated to: https://bonigarcia.dev/selenium-webdriver-java/login-form.html
2025-07-21 14:43:16,103 [main] INFO  pom.pages1.LoginTest - Testing failed login with username: 'invalid', password: '***'
2025-07-21 14:43:16,114 [main] INFO  pom.pages1.Login_Page1 - Validating Login Page load...
2025-07-21 14:43:16,149 [main] INFO  pom.pages1.Login_Page1 - Login Page validated successfully - Title: 'Hands-On Selenium WebDriver with Java', URL: 'https://bonigarcia.dev/selenium-webdriver-java/login-form.html'
2025-07-21 14:43:16,149 [main] INFO  pom.pages1.Login_Page1 - Login_Page1 initialized
2025-07-21 14:43:16,149 [main] INFO  pom.pages1.Login_Page1 - Attempting login with username: invalid
2025-07-21 14:43:16,149 [main] DEBUG pom.pages1.Login_Page1 - Entering username: invalid
2025-07-21 14:43:16,437 [main] DEBUG pom.pages1.Login_Page1 - Username entered successfully
2025-07-21 14:43:16,437 [main] DEBUG pom.pages1.Login_Page1 - Entering password
2025-07-21 14:43:16,600 [main] DEBUG pom.pages1.Login_Page1 - Password entered successfully
2025-07-21 14:43:16,600 [main] DEBUG pom.pages1.Login_Page1 - Clicking submit button
2025-07-21 14:43:16,731 [main] DEBUG pom.pages1.Login_Page1 - Submit button clicked successfully
2025-07-21 14:43:26,873 [main] DEBUG pom.pages1.Login_Page1 - Error message is displayed - login failed
2025-07-21 14:43:26,873 [main] INFO  pom.pages1.Login_Page1 - Fetching error message
2025-07-21 14:43:26,929 [main] INFO  pom.pages1.Login_Page1 - Login failed for user: invalid in 10692ms - Error: Invalid credentials
2025-07-21 14:43:26,932 [main] DEBUG result.LoginResult - Creating failed login result for user: invalid, error: Invalid credentials, execution time: 10692ms
2025-07-21 14:43:26,932 [main] DEBUG result.LoginResult - Returning LoginPage for user: invalid
2025-07-21 14:43:26,932 [main] INFO  pom.pages1.Login_Page1 - Validating Login Page load...
2025-07-21 14:43:26,966 [main] INFO  pom.pages1.Login_Page1 - Login Page validated successfully - Title: 'Hands-On Selenium WebDriver with Java', URL: 'https://bonigarcia.dev/selenium-webdriver-java/login-form.html'
2025-07-21 14:43:26,966 [main] INFO  pom.pages1.Login_Page1 - Login_Page1 initialized
2025-07-21 14:43:26,966 [main] INFO  pom.pages1.Login_Page1 - Fetching error message
2025-07-21 14:43:27,025 [main] INFO  pom.pages1.LoginTest - Test PASSED: testFailedLogin
2025-07-21 14:43:28,125 [main] DEBUG pom.pages1.LoginTest - WebDriver closed successfully
2025-07-21 14:43:28,132 [main] INFO  pom.pages1.LoginTest - Setting up test with browser: chrome
2025-07-21 14:43:28,132 [main] DEBUG pom.pages1.LoginTest - Initializing chrome driver
2025-07-21 14:43:29,306 [main] DEBUG pom.pages1.LoginTest - Driver configured - Timeout: 10s, Page Load Timeout: 30s
2025-07-21 14:43:29,937 [main] INFO  pom.pages1.LoginTest - Successfully navigated to: https://bonigarcia.dev/selenium-webdriver-java/login-form.html
2025-07-21 14:43:29,941 [main] INFO  pom.pages1.LoginTest - Testing failed login with username: 'user', password: '***'
2025-07-21 14:43:29,941 [main] INFO  pom.pages1.Login_Page1 - Validating Login Page load...
2025-07-21 14:43:29,973 [main] INFO  pom.pages1.Login_Page1 - Login Page validated successfully - Title: 'Hands-On Selenium WebDriver with Java', URL: 'https://bonigarcia.dev/selenium-webdriver-java/login-form.html'
2025-07-21 14:43:29,973 [main] INFO  pom.pages1.Login_Page1 - Login_Page1 initialized
2025-07-21 14:43:29,973 [main] INFO  pom.pages1.Login_Page1 - Attempting login with username: user
2025-07-21 14:43:29,973 [main] DEBUG pom.pages1.Login_Page1 - Entering username: user
2025-07-21 14:43:30,155 [main] DEBUG pom.pages1.Login_Page1 - Username entered successfully
2025-07-21 14:43:30,155 [main] DEBUG pom.pages1.Login_Page1 - Entering password
2025-07-21 14:43:30,344 [main] DEBUG pom.pages1.Login_Page1 - Password entered successfully
2025-07-21 14:43:30,344 [main] DEBUG pom.pages1.Login_Page1 - Clicking submit button
2025-07-21 14:43:30,503 [main] DEBUG pom.pages1.Login_Page1 - Submit button clicked successfully
2025-07-21 14:43:40,690 [main] DEBUG pom.pages1.Login_Page1 - Error message is displayed - login failed
2025-07-21 14:43:40,690 [main] INFO  pom.pages1.Login_Page1 - Fetching error message
2025-07-21 14:43:40,801 [main] INFO  pom.pages1.Login_Page1 - Login failed for user: user in 10669ms - Error: Invalid credentials
2025-07-21 14:43:40,801 [main] DEBUG result.LoginResult - Creating failed login result for user: user, error: Invalid credentials, execution time: 10669ms
2025-07-21 14:43:40,801 [main] DEBUG result.LoginResult - Returning LoginPage for user: user
2025-07-21 14:43:40,803 [main] INFO  pom.pages1.Login_Page1 - Validating Login Page load...
2025-07-21 14:43:40,871 [main] INFO  pom.pages1.Login_Page1 - Login Page validated successfully - Title: 'Hands-On Selenium WebDriver with Java', URL: 'https://bonigarcia.dev/selenium-webdriver-java/login-form.html'
2025-07-21 14:43:40,871 [main] INFO  pom.pages1.Login_Page1 - Login_Page1 initialized
2025-07-21 14:43:40,874 [main] INFO  pom.pages1.Login_Page1 - Fetching error message
2025-07-21 14:43:40,934 [main] INFO  pom.pages1.LoginTest - Test PASSED: testFailedLogin
2025-07-21 14:43:42,887 [main] DEBUG pom.pages1.LoginTest - WebDriver closed successfully
2025-07-21 14:43:42,889 [main] INFO  pom.pages1.LoginTest - Setting up test with browser: chrome
2025-07-21 14:43:42,890 [main] DEBUG pom.pages1.LoginTest - Initializing chrome driver
2025-07-21 14:43:44,188 [main] DEBUG pom.pages1.LoginTest - Driver configured - Timeout: 10s, Page Load Timeout: 30s
2025-07-21 14:43:44,926 [main] INFO  pom.pages1.LoginTest - Successfully navigated to: https://bonigarcia.dev/selenium-webdriver-java/login-form.html
2025-07-21 14:43:44,929 [main] INFO  pom.pages1.LoginTest - Testing failed login with username: '', password: '***'
2025-07-21 14:43:44,929 [main] INFO  pom.pages1.Login_Page1 - Validating Login Page load...
2025-07-21 14:43:44,958 [main] INFO  pom.pages1.Login_Page1 - Login Page validated successfully - Title: 'Hands-On Selenium WebDriver with Java', URL: 'https://bonigarcia.dev/selenium-webdriver-java/login-form.html'
2025-07-21 14:43:44,958 [main] INFO  pom.pages1.Login_Page1 - Login_Page1 initialized
2025-07-21 14:43:44,958 [main] INFO  pom.pages1.Login_Page1 - Attempting login with username: 
2025-07-21 14:43:44,958 [main] DEBUG pom.pages1.Login_Page1 - Entering username: 
2025-07-21 14:43:45,150 [main] DEBUG pom.pages1.Login_Page1 - Username entered successfully
2025-07-21 14:43:45,150 [main] DEBUG pom.pages1.Login_Page1 - Entering password
2025-07-21 14:43:45,304 [main] DEBUG pom.pages1.Login_Page1 - Password entered successfully
2025-07-21 14:43:45,304 [main] DEBUG pom.pages1.Login_Page1 - Clicking submit button
2025-07-21 14:43:45,460 [main] DEBUG pom.pages1.Login_Page1 - Submit button clicked successfully
2025-07-21 14:43:55,576 [main] DEBUG pom.pages1.Login_Page1 - Error message is displayed - login failed
2025-07-21 14:43:55,576 [main] INFO  pom.pages1.Login_Page1 - Fetching error message
2025-07-21 14:43:55,621 [main] INFO  pom.pages1.Login_Page1 - Login failed for user:  in 10592ms - Error: Invalid credentials
2025-07-21 14:43:55,621 [main] DEBUG result.LoginResult - Creating failed login result for user: , error: Invalid credentials, execution time: 10592ms
2025-07-21 14:43:55,621 [main] DEBUG result.LoginResult - Returning LoginPage for user: 
2025-07-21 14:43:55,624 [main] INFO  pom.pages1.Login_Page1 - Validating Login Page load...
2025-07-21 14:43:55,652 [main] INFO  pom.pages1.Login_Page1 - Login Page validated successfully - Title: 'Hands-On Selenium WebDriver with Java', URL: 'https://bonigarcia.dev/selenium-webdriver-java/login-form.html'
2025-07-21 14:43:55,652 [main] INFO  pom.pages1.Login_Page1 - Login_Page1 initialized
2025-07-21 14:43:55,652 [main] INFO  pom.pages1.Login_Page1 - Fetching error message
2025-07-21 14:43:55,697 [main] INFO  pom.pages1.LoginTest - Test PASSED: testFailedLogin
2025-07-21 14:43:56,771 [main] DEBUG pom.pages1.LoginTest - WebDriver closed successfully
2025-07-21 14:43:56,773 [main] INFO  pom.pages1.LoginTest - Setting up test with browser: chrome
2025-07-21 14:43:56,773 [main] DEBUG pom.pages1.LoginTest - Initializing chrome driver
2025-07-21 14:43:57,951 [main] DEBUG pom.pages1.LoginTest - Driver configured - Timeout: 10s, Page Load Timeout: 30s
2025-07-21 14:43:58,267 [main] INFO  pom.pages1.LoginTest - Successfully navigated to: https://bonigarcia.dev/selenium-webdriver-java/login-form.html
2025-07-21 14:43:58,272 [main] INFO  pom.pages1.LoginTest - Testing failed login with username: 'admin', password: '***'
2025-07-21 14:43:58,272 [main] INFO  pom.pages1.Login_Page1 - Validating Login Page load...
2025-07-21 14:43:58,301 [main] INFO  pom.pages1.Login_Page1 - Login Page validated successfully - Title: 'Hands-On Selenium WebDriver with Java', URL: 'https://bonigarcia.dev/selenium-webdriver-java/login-form.html'
2025-07-21 14:43:58,301 [main] INFO  pom.pages1.Login_Page1 - Login_Page1 initialized
2025-07-21 14:43:58,301 [main] INFO  pom.pages1.Login_Page1 - Attempting login with username: admin
2025-07-21 14:43:58,301 [main] DEBUG pom.pages1.Login_Page1 - Entering username: admin
2025-07-21 14:43:58,492 [main] DEBUG pom.pages1.Login_Page1 - Username entered successfully
2025-07-21 14:43:58,492 [main] DEBUG pom.pages1.Login_Page1 - Entering password
2025-07-21 14:43:58,649 [main] DEBUG pom.pages1.Login_Page1 - Password entered successfully
2025-07-21 14:43:58,649 [main] DEBUG pom.pages1.Login_Page1 - Clicking submit button
2025-07-21 14:43:58,799 [main] DEBUG pom.pages1.Login_Page1 - Submit button clicked successfully
2025-07-21 14:44:08,865 [main] DEBUG pom.pages1.Login_Page1 - Error message is displayed - login failed
2025-07-21 14:44:08,865 [main] INFO  pom.pages1.Login_Page1 - Fetching error message
2025-07-21 14:44:08,904 [main] INFO  pom.pages1.Login_Page1 - Login failed for user: admin in 10542ms - Error: Invalid credentials
2025-07-21 14:44:08,904 [main] DEBUG result.LoginResult - Creating failed login result for user: admin, error: Invalid credentials, execution time: 10542ms
2025-07-21 14:44:08,904 [main] DEBUG result.LoginResult - Returning LoginPage for user: admin
2025-07-21 14:44:08,904 [main] INFO  pom.pages1.Login_Page1 - Validating Login Page load...
2025-07-21 14:44:08,925 [main] INFO  pom.pages1.Login_Page1 - Login Page validated successfully - Title: 'Hands-On Selenium WebDriver with Java', URL: 'https://bonigarcia.dev/selenium-webdriver-java/login-form.html'
2025-07-21 14:44:08,925 [main] INFO  pom.pages1.Login_Page1 - Login_Page1 initialized
2025-07-21 14:44:08,925 [main] INFO  pom.pages1.Login_Page1 - Fetching error message
2025-07-21 14:44:08,960 [main] INFO  pom.pages1.LoginTest - Test PASSED: testFailedLogin
2025-07-21 14:44:09,187 [main] DEBUG pom.pages1.LoginTest - WebDriver closed successfully
2025-07-21 14:44:09,190 [main] INFO  pom.pages1.LoginTest - Setting up test with browser: chrome
2025-07-21 14:44:09,190 [main] DEBUG pom.pages1.LoginTest - Initializing chrome driver
2025-07-21 14:44:10,446 [main] DEBUG pom.pages1.LoginTest - Driver configured - Timeout: 10s, Page Load Timeout: 30s
2025-07-21 14:44:10,840 [main] INFO  pom.pages1.LoginTest - Successfully navigated to: https://bonigarcia.dev/selenium-webdriver-java/login-form.html
2025-07-21 14:44:10,842 [main] INFO  pom.pages1.LoginTest - Testing failed login with username: 'wronguser', password: '***'
2025-07-21 14:44:10,843 [main] INFO  pom.pages1.Login_Page1 - Validating Login Page load...
2025-07-21 14:44:10,873 [main] INFO  pom.pages1.Login_Page1 - Login Page validated successfully - Title: 'Hands-On Selenium WebDriver with Java', URL: 'https://bonigarcia.dev/selenium-webdriver-java/login-form.html'
2025-07-21 14:44:10,873 [main] INFO  pom.pages1.Login_Page1 - Login_Page1 initialized
2025-07-21 14:44:10,873 [main] INFO  pom.pages1.Login_Page1 - Attempting login with username: wronguser
2025-07-21 14:44:10,873 [main] DEBUG pom.pages1.Login_Page1 - Entering username: wronguser
2025-07-21 14:44:11,090 [main] DEBUG pom.pages1.Login_Page1 - Username entered successfully
2025-07-21 14:44:11,090 [main] DEBUG pom.pages1.Login_Page1 - Entering password
2025-07-21 14:44:11,259 [main] DEBUG pom.pages1.Login_Page1 - Password entered successfully
2025-07-21 14:44:11,259 [main] DEBUG pom.pages1.Login_Page1 - Clicking submit button
2025-07-21 14:44:11,396 [main] DEBUG pom.pages1.Login_Page1 - Submit button clicked successfully
2025-07-21 14:44:21,493 [main] DEBUG pom.pages1.Login_Page1 - Error message is displayed - login failed
2025-07-21 14:44:21,493 [main] INFO  pom.pages1.Login_Page1 - Fetching error message
2025-07-21 14:44:21,533 [main] INFO  pom.pages1.Login_Page1 - Login failed for user: wronguser in 10594ms - Error: Invalid credentials
2025-07-21 14:44:21,533 [main] DEBUG result.LoginResult - Creating failed login result for user: wronguser, error: Invalid credentials, execution time: 10594ms
2025-07-21 14:44:21,533 [main] DEBUG result.LoginResult - Returning LoginPage for user: wronguser
2025-07-21 14:44:21,536 [main] INFO  pom.pages1.Login_Page1 - Validating Login Page load...
2025-07-21 14:44:21,553 [main] INFO  pom.pages1.Login_Page1 - Login Page validated successfully - Title: 'Hands-On Selenium WebDriver with Java', URL: 'https://bonigarcia.dev/selenium-webdriver-java/login-form.html'
2025-07-21 14:44:21,553 [main] INFO  pom.pages1.Login_Page1 - Login_Page1 initialized
2025-07-21 14:44:21,553 [main] INFO  pom.pages1.Login_Page1 - Fetching error message
2025-07-21 14:44:21,603 [main] INFO  pom.pages1.LoginTest - Test PASSED: testFailedLogin
2025-07-21 14:44:21,948 [main] DEBUG pom.pages1.LoginTest - WebDriver closed successfully
2025-07-21 14:44:21,956 [main] INFO  pom.pages1.LoginTest - === LoginTest Suite Completed ===
2025-07-21 14:44:22,131 [main] INFO  org.testng.internal.Utils - [TestNG] Time taken by org.testng.reporters.jq.Main@4fa822ad: 108 ms
2025-07-21 14:44:22,133 [main] INFO  org.testng.internal.Utils - [TestNG] Time taken by org.testng.reporters.FailedReporter@6b6b3572: 2 ms
2025-07-21 14:44:22,175 [main] INFO  org.testng.internal.Utils - [TestNG] Time taken by org.testng.reporters.XMLReporter@4730e0f0: 40 ms
2025-07-21 14:44:22,193 [main] INFO  org.testng.internal.Utils - [TestNG] Time taken by org.testng.reporters.EmailableReporter2@43a09ce2: 18 ms
2025-07-21 14:44:22,205 [main] INFO  org.testng.internal.Utils - [TestNG] Time taken by org.testng.reporters.JUnitReportReporter@6f9c5048: 12 ms
2025-07-21 14:44:22,208 [main] INFO  org.testng.internal.Utils - [TestNG] Time taken by org.testng.internal.ExitCodeListener@5114b7c7: 0 ms
